<?xml version="1.0" encoding="UTF-8"?>
<!-- Generated by org.testng.reporters.JUnitReportReporter -->
<testsuite skipped="0" hostname="GOT500VI73546" name="com.volvo.mfg.test.TestAssignmentDelivery" tests="1" failures="0" timestamp="17 Jul 2018 04:29:22 GMT" time="1409.769" errors="0">
  <testcase name="AssignmentFlows" time="1409.769" classname="com.volvo.mfg.test.TestAssignmentDelivery"/>
</testsuite> <!-- com.volvo.mfg.test.TestAssignmentDelivery -->
