<?xml version="1.0" encoding="UTF-8"?>
<!-- Generated by org.testng.reporters.JUnitReportReporter -->
<testsuite skipped="0" hostname="GOT500VI73546" name="com.volvo.mfg.test.TestLoginPages" tests="1" failures="0" timestamp="16 Oct 2018 10:24:20 GMT" time="66.596" errors="0">
  <testcase name="IdneLogin" time="66.596" classname="com.volvo.mfg.test.TestLoginPages"/>
</testsuite> <!-- com.volvo.mfg.test.TestLoginPages -->
