<?xml version="1.0" encoding="UTF-8"?>
<!-- Generated by org.testng.reporters.JUnitReportReporter -->
<testsuite hostname="GOT500VI77372" name="com.volvo.mfg.test.TestRackChangerInputValidations" tests="1" failures="0" timestamp="30 Aug 2018 10:34:44 GMT" time="207.444" errors="0">
  <testcase name="AGV_Reserve_OrderCreation" time="207.444" classname="com.volvo.mfg.test.TestRackChangerInputValidations"/>
</testsuite> <!-- com.volvo.mfg.test.TestRackChangerInputValidations -->
