<?xml version="1.0" encoding="UTF-8"?>
<!-- Generated by org.testng.reporters.JUnitReportReporter -->
<testsuite skipped="0" hostname="GOT500VI75512" name="com.volvo.mfg.test.IDNESearchEquipmentPage" tests="1" failures="0" timestamp="17 okt 2018 05:48:57 GMT" time="32.976" errors="0">
  <testcase name="SearchEquipment" time="32.976" classname="com.volvo.mfg.test.IDNESearchEquipmentPage"/>
</testsuite> <!-- com.volvo.mfg.test.IDNESearchEquipmentPage -->
