<?xml version="1.0" encoding="UTF-8"?>
<!-- Generated by org.testng.reporters.JUnitReportReporter -->
<testsuite hostname="GOT500VI73546" name="com.volvo.mfg.test.TestAssignmentDelivery" tests="1" failures="0" timestamp="5 Sep 2018 09:16:18 GMT" time="1166.927" errors="0">
  <testcase name="AssignmentFlows" time="1166.927" classname="com.volvo.mfg.test.TestAssignmentDelivery"/>
</testsuite> <!-- com.volvo.mfg.test.TestAssignmentDelivery -->
