<?xml version="1.0" encoding="UTF-8"?>
<!-- Generated by org.testng.reporters.JUnitReportReporter -->
<testsuite skipped="0" hostname="GOT500VI75512" name="com.volvo.mfg.test.TestIDNELoginPage" tests="1" failures="0" timestamp="16 okt 2018 11:41:53 GMT" time="33.270" errors="0">
  <testcase name="IdneSearchEquipment" time="33.270" classname="com.volvo.mfg.test.TestIDNELoginPage"/>
</testsuite> <!-- com.volvo.mfg.test.TestIDNELoginPage -->
