<?xml version="1.0" encoding="UTF-8"?>
<!-- Generated by org.testng.reporters.JUnitReportReporter -->
<testsuite hostname="GOT500VI73546" name="com.volvo.mfg.test.TestShortageDelivery" tests="1" failures="0" timestamp="13 Aug 2018 05:34:25 GMT" time="670.566" errors="0">
  <testcase name="ShortageFlows" time="670.566" classname="com.volvo.mfg.test.TestShortageDelivery"/>
</testsuite> <!-- com.volvo.mfg.test.TestShortageDelivery -->
