<?xml version="1.0" encoding="UTF-8"?>
<!-- Generated by org.testng.reporters.JUnitReportReporter -->
<testsuite hostname="GOT500VI73546" name="com.volvo.mfg.test.TestAssignmentDelivery" tests="1" failures="1" timestamp="3 Aug 2018 04:21:41 GMT" time="8.645" errors="0">
  <testcase name="AssignmentFlows" time="8.645" classname="com.volvo.mfg.test.TestAssignmentDelivery">
    <failure type="java.lang.StackOverflowError">
      <![CDATA[java.lang.StackOverflowError
	at java.security.AccessController.doPrivileged(Native Method)
	at org.apache.commons.logging.LogFactory.getContextClassLoaderInternal(LogFactory.java:808)
	at org.apache.commons.logging.LogFactory.getFactory(LogFactory.java:419)
	at org.apache.commons.logging.LogFactory.getLog(LogFactory.java:655)
	at org.apache.http.impl.conn.DefaultHttpResponseParser.<init>(DefaultHttpResponseParser.java:59)
	at org.apache.http.impl.conn.DefaultHttpResponseParserFactory.create(DefaultHttpResponseParserFactory.java:76)
	at org.apache.http.impl.DefaultBHttpClientConnection.<init>(DefaultBHttpClientConnection.java:99)
	at org.apache.http.impl.conn.DefaultManagedHttpClientConnection.<init>(DefaultManagedHttpClientConnection.java:74)
	at org.apache.http.impl.conn.LoggingManagedHttpClientConnection.<init>(LoggingManagedHttpClientConnection.java:66)
	at org.apache.http.impl.conn.ManagedHttpClientConnectionFactory.create(ManagedHttpClientConnectionFactory.java:127)
	at org.apache.http.impl.conn.ManagedHttpClientConnectionFactory.create(ManagedHttpClientConnectionFactory.java:57)
	at org.apache.http.impl.conn.PoolingHttpClientConnectionManager$InternalConnectionFactory.create(PoolingHttpClientConnectionManager.java:605)
	at org.apache.http.impl.conn.PoolingHttpClientConnectionManager$InternalConnectionFactory.create(PoolingHttpClientConnectionManager.java:576)
	at org.apache.http.pool.AbstractConnPool.getPoolEntryBlocking(AbstractConnPool.java:360)
	at org.apache.http.pool.AbstractConnPool.access$200(AbstractConnPool.java:67)
	at org.apache.http.pool.AbstractConnPool$2.get(AbstractConnPool.java:243)
	at org.apache.http.pool.AbstractConnPool$2.get(AbstractConnPool.java:191)
	at org.apache.http.impl.conn.PoolingHttpClientConnectionManager.leaseConnection(PoolingHttpClientConnectionManager.java:282)
	at org.apache.http.impl.conn.PoolingHttpClientConnectionManager$1.get(PoolingHttpClientConnectionManager.java:269)
	at org.apache.http.impl.execchain.MainClientExec.execute(MainClientExec.java:191)
	at org.apache.http.impl.execchain.ProtocolExec.execute(ProtocolExec.java:185)
	at org.apache.http.impl.execchain.RetryExec.execute(RetryExec.java:89)
	at org.apache.http.impl.execchain.RedirectExec.execute(RedirectExec.java:111)
	at org.apache.http.impl.client.InternalHttpClient.doExecute(InternalHttpClient.java:185)
	at org.apache.http.impl.client.CloseableHttpClient.execute(CloseableHttpClient.java:72)
	at org.apache.http.impl.client.CloseableHttpClient.execute(CloseableHttpClient.java:56)
	at org.openqa.selenium.remote.internal.ApacheHttpClient.fallBackExecute(ApacheHttpClient.java:138)
	at org.openqa.selenium.remote.internal.ApacheHttpClient.execute(ApacheHttpClient.java:86)
	at org.openqa.selenium.remote.HttpCommandExecutor.execute(HttpCommandExecutor.java:161)
	at org.openqa.selenium.remote.service.DriverCommandExecutor.execute(DriverCommandExecutor.java:83)
	at org.openqa.selenium.remote.RemoteWebDriver.execute(RemoteWebDriver.java:601)
	at org.openqa.selenium.remote.RemoteWebDriver.execute(RemoteWebDriver.java:658)
	at org.openqa.selenium.ie.InternetExplorerDriver.getScreenshotAs(InternetExplorerDriver.java:235)
	at com.volvo.mfg.commonutilis.CommonWrapperMethods.takeSnap(CommonWrapperMethods.java:913)
	at com.volvo.mfg.reports.Reports.reportStep(Reports.java:84)
	at com.volvo.mfg.commonutilis.CommonWrapperMethods.takeSnap(CommonWrapperMethods.java:918)
	at com.volvo.mfg.reports.Reports.reportStep(Reports.java:84)
	at com.volvo.mfg.commonutilis.CommonWrapperMethods.takeSnap(CommonWrapperMethods.java:918)
	at com.volvo.mfg.reports.Reports.reportStep(Reports.java:84)
	at com.volvo.mfg.commonutilis.CommonWrapperMethods.takeSnap(CommonWrapperMethods.java:918)
	at com.volvo.mfg.reports.Reports.reportStep(Reports.java:84)
	at com.volvo.mfg.commonutilis.CommonWrapperMethods.takeSnap(CommonWrapperMethods.java:918)
	at com.volvo.mfg.reports.Reports.reportStep(Reports.java:84)
	at com.volvo.mfg.commonutilis.CommonWrapperMethods.takeSnap(CommonWrapperMethods.java:918)
	at com.volvo.mfg.reports.Reports.reportStep(Reports.java:84)
	at com.volvo.mfg.commonutilis.CommonWrapperMethods.takeSnap(CommonWrapperMethods.java:918)
	at com.volvo.mfg.reports.Reports.reportStep(Reports.java:84)
	at com.volvo.mfg.commonutilis.CommonWrapperMethods.takeSnap(CommonWrapperMethods.java:918)
	at com.volvo.mfg.reports.Reports.reportStep(Reports.java:84)
	at com.volvo.mfg.commonutilis.CommonWrapperMethods.takeSnap(CommonWrapperMethods.java:918)
	at com.volvo.mfg.reports.Reports.reportStep(Reports.java:84)
	at com.volvo.mfg.commonutilis.CommonWrapperMethods.takeSnap(CommonWrapperMethods.java:918)
	at com.volvo.mfg.reports.Reports.reportStep(Reports.java:84)
	at com.volvo.mfg.commonutilis.CommonWrapperMethods.takeSnap(CommonWrapperMethods.java:918)
	at com.volvo.mfg.reports.Reports.reportStep(Reports.java:84)
	at com.volvo.mfg.commonutilis.CommonWrapperMethods.takeSnap(CommonWrapperMethods.java:918)
	at com.volvo.mfg.reports.Reports.reportStep(Reports.java:84)
	at com.volvo.mfg.commonutilis.CommonWrapperMethods.takeSnap(CommonWrapperMethods.java:918)
	at com.volvo.mfg.reports.Reports.reportStep(Reports.java:84)
	at com.volvo.mfg.commonutilis.CommonWrapperMethods.takeSnap(CommonWrapperMethods.java:918)
	at com.volvo.mfg.reports.Reports.reportStep(Reports.java:84)
	at com.volvo.mfg.commonutilis.CommonWrapperMethods.takeSnap(CommonWrapperMethods.java:918)
	at com.volvo.mfg.reports.Reports.reportStep(Reports.java:84)
	at com.volvo.mfg.commonutilis.CommonWrapperMethods.takeSnap(CommonWrapperMethods.java:918)
	at com.volvo.mfg.reports.Reports.reportStep(Reports.java:84)
	at com.volvo.mfg.commonutilis.CommonWrapperMethods.takeSnap(CommonWrapperMethods.java:918)
	at com.volvo.mfg.reports.Reports.reportStep(Reports.java:84)
	at com.volvo.mfg.commonutilis.CommonWrapperMethods.takeSnap(CommonWrapperMethods.java:918)
	at com.volvo.mfg.reports.Reports.reportStep(Reports.java:84)
	at com.volvo.mfg.commonutilis.CommonWrapperMethods.takeSnap(CommonWrapperMethods.java:918)
	at com.volvo.mfg.reports.Reports.reportStep(Reports.java:84)
	at com.volvo.mfg.commonutilis.CommonWrapperMethods.takeSnap(CommonWrapperMethods.java:918)
	at com.volvo.mfg.reports.Reports.reportStep(Reports.java:84)
	at com.volvo.mfg.commonutilis.CommonWrapperMethods.takeSnap(CommonWrapperMethods.java:918)
	at com.volvo.mfg.reports.Reports.reportStep(Reports.java:84)
	at com.volvo.mfg.commonutilis.CommonWrapperMethods.takeSnap(CommonWrapperMethods.java:918)
	at com.volvo.mfg.reports.Reports.reportStep(Reports.java:84)
	at com.volvo.mfg.commonutilis.CommonWrapperMethods.takeSnap(CommonWrapperMethods.java:918)
	at com.volvo.mfg.reports.Reports.reportStep(Reports.java:84)
	at com.volvo.mfg.commonutilis.CommonWrapperMethods.takeSnap(CommonWrapperMethods.java:918)
	at com.volvo.mfg.reports.Reports.reportStep(Reports.java:84)
	at com.volvo.mfg.commonutilis.CommonWrapperMethods.takeSnap(CommonWrapperMethods.java:918)
	at com.volvo.mfg.reports.Reports.reportStep(Reports.java:84)
	at com.volvo.mfg.commonutilis.CommonWrapperMethods.takeSnap(CommonWrapperMethods.java:918)
	at com.volvo.mfg.reports.Reports.reportStep(Reports.java:84)
	at com.volvo.mfg.commonutilis.CommonWrapperMethods.takeSnap(CommonWrapperMethods.java:918)
	at com.volvo.mfg.reports.Reports.reportStep(Reports.java:84)
	at com.volvo.mfg.commonutilis.CommonWrapperMethods.takeSnap(CommonWrapperMethods.java:918)
	at com.volvo.mfg.reports.Reports.reportStep(Reports.java:84)
	at com.volvo.mfg.commonutilis.CommonWrapperMethods.takeSnap(CommonWrapperMethods.java:918)
	at com.volvo.mfg.reports.Reports.reportStep(Reports.java:84)
	at com.volvo.mfg.commonutilis.CommonWrapperMethods.takeSnap(CommonWrapperMethods.java:918)
	at com.volvo.mfg.reports.Reports.reportStep(Reports.java:84)
	at com.volvo.mfg.commonutilis.CommonWrapperMethods.takeSnap(CommonWrapperMethods.java:918)
	at com.volvo.mfg.reports.Reports.reportStep(Reports.java:84)
	at com.volvo.mfg.commonutilis.CommonWrapperMethods.takeSnap(CommonWrapperMethods.java:918)
	at com.volvo.mfg.reports.Reports.reportStep(Reports.java:84)
	at com.volvo.mfg.commonutilis.CommonWrapperMethods.takeSnap(CommonWrapperMethods.java:918)
	at com.volvo.mfg.reports.Reports.reportStep(Reports.java:84)
	at com.volvo.mfg.commonutilis.CommonWrapperMethods.takeSnap(CommonWrapperMethods.java:918)
	at com.volvo.mfg.reports.Reports.reportStep(Reports.java:84)
	at com.volvo.mfg.commonutilis.CommonWrapperMethods.takeSnap(CommonWrapperMethods.java:918)
	at com.volvo.mfg.reports.Reports.reportStep(Reports.java:84)
	at com.volvo.mfg.commonutilis.CommonWrapperMethods.takeSnap(CommonWrapperMethods.java:918)
	at com.volvo.mfg.reports.Reports.reportStep(Reports.java:84)
	at com.volvo.mfg.commonutilis.CommonWrapperMethods.takeSnap(CommonWrapperMethods.java:918)
	at com.volvo.mfg.reports.Reports.reportStep(Reports.java:84)
	at com.volvo.mfg.commonutilis.CommonWrapperMethods.takeSnap(CommonWrapperMethods.java:918)
	at com.volvo.mfg.reports.Reports.reportStep(Reports.java:84)
	at com.volvo.mfg.commonutilis.CommonWrapperMethods.takeSnap(CommonWrapperMethods.java:918)
	at com.volvo.mfg.reports.Reports.reportStep(Reports.java:84)
	at com.volvo.mfg.commonutilis.CommonWrapperMethods.takeSnap(CommonWrapperMethods.java:918)
	at com.volvo.mfg.reports.Reports.reportStep(Reports.java:84)
	at com.volvo.mfg.commonutilis.CommonWrapperMethods.takeSnap(CommonWrapperMethods.java:918)
	at com.volvo.mfg.reports.Reports.reportStep(Reports.java:84)
	at com.volvo.mfg.commonutilis.CommonWrapperMethods.takeSnap(CommonWrapperMethods.java:918)
	at com.volvo.mfg.reports.Reports.reportStep(Reports.java:84)
	at com.volvo.mfg.commonutilis.CommonWrapperMethods.takeSnap(CommonWrapperMethods.java:918)
	at com.volvo.mfg.reports.Reports.reportStep(Reports.java:84)
	at com.volvo.mfg.commonutilis.CommonWrapperMethods.takeSnap(CommonWrapperMethods.java:918)
	at com.volvo.mfg.reports.Reports.reportStep(Reports.java:84)
	at com.volvo.mfg.commonutilis.CommonWrapperMethods.takeSnap(CommonWrapperMethods.java:918)
	at com.volvo.mfg.reports.Reports.reportStep(Reports.java:84)
	at com.volvo.mfg.commonutilis.CommonWrapperMethods.takeSnap(CommonWrapperMethods.java:918)
	at com.volvo.mfg.reports.Reports.reportStep(Reports.java:84)
	at com.volvo.mfg.commonutilis.CommonWrapperMethods.takeSnap(CommonWrapperMethods.java:918)
	at com.volvo.mfg.reports.Reports.reportStep(Reports.java:84)
	at com.volvo.mfg.commonutilis.CommonWrapperMethods.takeSnap(CommonWrapperMethods.java:918)
	at com.volvo.mfg.reports.Reports.reportStep(Reports.java:84)
	at com.volvo.mfg.commonutilis.CommonWrapperMethods.takeSnap(CommonWrapperMethods.java:918)
	at com.volvo.mfg.reports.Reports.reportStep(Reports.java:84)
	at com.volvo.mfg.commonutilis.CommonWrapperMethods.takeSnap(CommonWrapperMethods.java:918)
	at com.volvo.mfg.reports.Reports.reportStep(Reports.java:84)
	at com.volvo.mfg.commonutilis.CommonWrapperMethods.takeSnap(CommonWrapperMethods.java:918)
	at com.volvo.mfg.reports.Reports.reportStep(Reports.java:84)
	at com.volvo.mfg.commonutilis.CommonWrapperMethods.takeSnap(CommonWrapperMethods.java:918)
	at com.volvo.mfg.reports.Reports.reportStep(Reports.java:84)
	at com.volvo.mfg.commonutilis.CommonWrapperMethods.takeSnap(CommonWrapperMethods.java:918)
	at com.volvo.mfg.reports.Reports.reportStep(Reports.java:84)
	at com.volvo.mfg.commonutilis.CommonWrapperMethods.takeSnap(CommonWrapperMethods.java:918)
	at com.volvo.mfg.reports.Reports.reportStep(Reports.java:84)
	at com.volvo.mfg.commonutilis.CommonWrapperMethods.takeSnap(CommonWrapperMethods.java:918)
	at com.volvo.mfg.reports.Reports.reportStep(Reports.java:84)
	at com.volvo.mfg.commonutilis.CommonWrapperMethods.takeSnap(CommonWrapperMethods.java:918)
	at com.volvo.mfg.reports.Reports.reportStep(Reports.java:84)
	at com.volvo.mfg.commonutilis.CommonWrapperMethods.takeSnap(CommonWrapperMethods.java:918)
	at com.volvo.mfg.reports.Reports.reportStep(Reports.java:84)
	at com.volvo.mfg.commonutilis.CommonWrapperMethods.takeSnap(CommonWrapperMethods.java:918)
	at com.volvo.mfg.reports.Reports.reportStep(Reports.java:84)
	at com.volvo.mfg.commonutilis.CommonWrapperMethods.takeSnap(CommonWrapperMethods.java:918)
	at com.volvo.mfg.reports.Reports.reportStep(Reports.java:84)
	at com.volvo.mfg.commonutilis.CommonWrapperMethods.takeSnap(CommonWrapperMethods.java:918)
	at com.volvo.mfg.reports.Reports.reportStep(Reports.java:84)
	at com.volvo.mfg.commonutilis.CommonWrapperMethods.takeSnap(CommonWrapperMethods.java:918)
	at com.volvo.mfg.reports.Reports.reportStep(Reports.java:84)
	at com.volvo.mfg.commonutilis.CommonWrapperMethods.takeSnap(CommonWrapperMethods.java:918)
	at com.volvo.mfg.reports.Reports.reportStep(Reports.java:84)
	at com.volvo.mfg.commonutilis.CommonWrapperMethods.takeSnap(CommonWrapperMethods.java:918)
	at com.volvo.mfg.reports.Reports.reportStep(Reports.java:84)
	at com.volvo.mfg.commonutilis.CommonWrapperMethods.takeSnap(CommonWrapperMethods.java:918)
	at com.volvo.mfg.reports.Reports.reportStep(Reports.java:84)
	at com.volvo.mfg.commonutilis.CommonWrapperMethods.takeSnap(CommonWrapperMethods.java:918)
	at com.volvo.mfg.reports.Reports.reportStep(Reports.java:84)
	at com.volvo.mfg.commonutilis.CommonWrapperMethods.takeSnap(CommonWrapperMethods.java:918)
	at com.volvo.mfg.reports.Reports.reportStep(Reports.java:84)
	at com.volvo.mfg.commonutilis.CommonWrapperMethods.takeSnap(CommonWrapperMethods.java:918)
	at com.volvo.mfg.reports.Reports.reportStep(Reports.java:84)
	at com.volvo.mfg.commonutilis.CommonWrapperMethods.takeSnap(CommonWrapperMethods.java:918)
	at com.volvo.mfg.reports.Reports.reportStep(Reports.java:84)
	at com.volvo.mfg.commonutilis.CommonWrapperMethods.takeSnap(CommonWrapperMethods.java:918)
	at com.volvo.mfg.reports.Reports.reportStep(Reports.java:84)
	at com.volvo.mfg.commonutilis.CommonWrapperMethods.takeSnap(CommonWrapperMethods.java:918)
	at com.volvo.mfg.reports.Reports.reportStep(Reports.java:84)
	at com.volvo.mfg.commonutilis.CommonWrapperMethods.takeSnap(CommonWrapperMethods.java:918)
	at com.volvo.mfg.reports.Reports.reportStep(Reports.java:84)
	at com.volvo.mfg.commonutilis.CommonWrapperMethods.takeSnap(CommonWrapperMethods.java:918)
	at com.volvo.mfg.reports.Reports.reportStep(Reports.java:84)
	at com.volvo.mfg.commonutilis.CommonWrapperMethods.takeSnap(CommonWrapperMethods.java:918)
	at com.volvo.mfg.reports.Reports.reportStep(Reports.java:84)
	at com.volvo.mfg.commonutilis.CommonWrapperMethods.takeSnap(CommonWrapperMethods.java:918)
	at com.volvo.mfg.reports.Reports.reportStep(Reports.java:84)
	at com.volvo.mfg.commonutilis.CommonWrapperMethods.takeSnap(CommonWrapperMethods.java:918)
	at com.volvo.mfg.reports.Reports.reportStep(Reports.java:84)
	at com.volvo.mfg.commonutilis.CommonWrapperMethods.takeSnap(CommonWrapperMethods.java:918)
	at com.volvo.mfg.reports.Reports.reportStep(Reports.java:84)
	at com.volvo.mfg.commonutilis.CommonWrapperMethods.takeSnap(CommonWrapperMethods.java:918)
	at com.volvo.mfg.reports.Reports.reportStep(Reports.java:84)
	at com.volvo.mfg.commonutilis.CommonWrapperMethods.takeSnap(CommonWrapperMethods.java:918)
	at com.volvo.mfg.reports.Reports.reportStep(Reports.java:84)
	at com.volvo.mfg.commonutilis.CommonWrapperMethods.takeSnap(CommonWrapperMethods.java:918)
	at com.volvo.mfg.reports.Reports.reportStep(Reports.java:84)
	at com.volvo.mfg.commonutilis.CommonWrapperMethods.takeSnap(CommonWrapperMethods.java:918)
	at com.volvo.mfg.reports.Reports.reportStep(Reports.java:84)
	at com.volvo.mfg.commonutilis.CommonWrapperMethods.takeSnap(CommonWrapperMethods.java:918)
	at com.volvo.mfg.reports.Reports.reportStep(Reports.java:84)
	at com.volvo.mfg.commonutilis.CommonWrapperMethods.takeSnap(CommonWrapperMethods.java:918)
	at com.volvo.mfg.reports.Reports.reportStep(Reports.java:84)
	at com.volvo.mfg.commonutilis.CommonWrapperMethods.takeSnap(CommonWrapperMethods.java:918)
	at com.volvo.mfg.reports.Reports.reportStep(Reports.java:84)
	at com.volvo.mfg.commonutilis.CommonWrapperMethods.takeSnap(CommonWrapperMethods.java:918)
	at com.volvo.mfg.reports.Reports.reportStep(Reports.java:84)
	at com.volvo.mfg.commonutilis.CommonWrapperMethods.takeSnap(CommonWrapperMethods.java:918)
	at com.volvo.mfg.reports.Reports.reportStep(Reports.java:84)
	at com.volvo.mfg.commonutilis.CommonWrapperMethods.takeSnap(CommonWrapperMethods.java:918)
	at com.volvo.mfg.reports.Reports.reportStep(Reports.java:84)
	at com.volvo.mfg.commonutilis.CommonWrapperMethods.takeSnap(CommonWrapperMethods.java:918)
	at com.volvo.mfg.reports.Reports.reportStep(Reports.java:84)
	at com.volvo.mfg.commonutilis.CommonWrapperMethods.takeSnap(CommonWrapperMethods.java:918)
	at com.volvo.mfg.reports.Reports.reportStep(Reports.java:84)
	at com.volvo.mfg.commonutilis.CommonWrapperMethods.takeSnap(CommonWrapperMethods.java:918)
	at com.volvo.mfg.reports.Reports.reportStep(Reports.java:84)
	at com.volvo.mfg.commonutilis.CommonWrapperMethods.takeSnap(CommonWrapperMethods.java:918)
	at com.volvo.mfg.reports.Reports.reportStep(Reports.java:84)
	at com.volvo.mfg.commonutilis.CommonWrapperMethods.takeSnap(CommonWrapperMethods.java:918)
	at com.volvo.mfg.reports.Reports.reportStep(Reports.java:84)
	at com.volvo.mfg.commonutilis.CommonWrapperMethods.takeSnap(CommonWrapperMethods.java:918)
	at com.volvo.mfg.reports.Reports.reportStep(Reports.java:84)
	at com.volvo.mfg.commonutilis.CommonWrapperMethods.takeSnap(CommonWrapperMethods.java:918)
	at com.volvo.mfg.reports.Reports.reportStep(Reports.java:84)
	at com.volvo.mfg.commonutilis.CommonWrapperMethods.takeSnap(CommonWrapperMethods.java:918)
	at com.volvo.mfg.reports.Reports.reportStep(Reports.java:84)
	at com.volvo.mfg.commonutilis.CommonWrapperMethods.takeSnap(CommonWrapperMethods.java:918)
	at com.volvo.mfg.reports.Reports.reportStep(Reports.java:84)
	at com.volvo.mfg.commonutilis.CommonWrapperMethods.takeSnap(CommonWrapperMethods.java:918)
	at com.volvo.mfg.reports.Reports.reportStep(Reports.java:84)
	at com.volvo.mfg.commonutilis.CommonWrapperMethods.takeSnap(CommonWrapperMethods.java:918)
	at com.volvo.mfg.reports.Reports.reportStep(Reports.java:84)
	at com.volvo.mfg.commonutilis.CommonWrapperMethods.takeSnap(CommonWrapperMethods.java:918)
	at com.volvo.mfg.reports.Reports.reportStep(Reports.java:84)
	at com.volvo.mfg.commonutilis.CommonWrapperMethods.takeSnap(CommonWrapperMethods.java:918)
	at com.volvo.mfg.reports.Reports.reportStep(Reports.java:84)
	at com.volvo.mfg.commonutilis.CommonWrapperMethods.takeSnap(CommonWrapperMethods.java:918)
	at com.volvo.mfg.reports.Reports.reportStep(Reports.java:84)
	at com.volvo.mfg.commonutilis.CommonWrapperMethods.takeSnap(CommonWrapperMethods.java:918)
	at com.volvo.mfg.reports.Reports.reportStep(Reports.java:84)
	at com.volvo.mfg.commonutilis.CommonWrapperMethods.takeSnap(CommonWrapperMethods.java:918)
	at com.volvo.mfg.reports.Reports.reportStep(Reports.java:84)
	at com.volvo.mfg.commonutilis.CommonWrapperMethods.takeSnap(CommonWrapperMethods.java:918)
	at com.volvo.mfg.reports.Reports.reportStep(Reports.java:84)
	at com.volvo.mfg.commonutilis.CommonWrapperMethods.takeSnap(CommonWrapperMethods.java:918)
	at com.volvo.mfg.reports.Reports.reportStep(Reports.java:84)
	at com.volvo.mfg.commonutilis.CommonWrapperMethods.takeSnap(CommonWrapperMethods.java:918)
	at com.volvo.mfg.reports.Reports.reportStep(Reports.java:84)
	at com.volvo.mfg.commonutilis.CommonWrapperMethods.takeSnap(CommonWrapperMethods.java:918)
	at com.volvo.mfg.reports.Reports.reportStep(Reports.java:84)
	at com.volvo.mfg.commonutilis.CommonWrapperMethods.takeSnap(CommonWrapperMethods.java:918)
	at com.volvo.mfg.reports.Reports.reportStep(Reports.java:84)
	at com.volvo.mfg.commonutilis.CommonWrapperMethods.takeSnap(CommonWrapperMethods.java:918)
	at com.volvo.mfg.reports.Reports.reportStep(Reports.java:84)
	at com.volvo.mfg.commonutilis.CommonWrapperMethods.takeSnap(CommonWrapperMethods.java:918)
	at com.volvo.mfg.reports.Reports.reportStep(Reports.java:84)
	at com.volvo.mfg.commonutilis.CommonWrapperMethods.takeSnap(CommonWrapperMethods.java:918)
	at com.volvo.mfg.reports.Reports.reportStep(Reports.java:84)
	at com.volvo.mfg.commonutilis.CommonWrapperMethods.takeSnap(CommonWrapperMethods.java:918)
	at com.volvo.mfg.reports.Reports.reportStep(Reports.java:84)
	at com.volvo.mfg.commonutilis.CommonWrapperMethods.takeSnap(CommonWrapperMethods.java:918)
	at com.volvo.mfg.reports.Reports.reportStep(Reports.java:84)
	at com.volvo.mfg.commonutilis.CommonWrapperMethods.takeSnap(CommonWrapperMethods.java:918)
	at com.volvo.mfg.reports.Reports.reportStep(Reports.java:84)
	at com.volvo.mfg.commonutilis.CommonWrapperMethods.takeSnap(CommonWrapperMethods.java:918)
	at com.volvo.mfg.reports.Reports.reportStep(Reports.java:84)
	at com.volvo.mfg.commonutilis.CommonWrapperMethods.takeSnap(CommonWrapperMethods.java:918)
	at com.volvo.mfg.reports.Reports.reportStep(Reports.java:84)
	at com.volvo.mfg.commonutilis.CommonWrapperMethods.takeSnap(CommonWrapperMethods.java:918)
	at com.volvo.mfg.reports.Reports.reportStep(Reports.java:84)
	at com.volvo.mfg.commonutilis.CommonWrapperMethods.takeSnap(CommonWrapperMethods.java:918)
	at com.volvo.mfg.reports.Reports.reportStep(Reports.java:84)
	at com.volvo.mfg.commonutilis.CommonWrapperMethods.takeSnap(CommonWrapperMethods.java:918)
	at com.volvo.mfg.reports.Reports.reportStep(Reports.java:84)
	at com.volvo.mfg.commonutilis.CommonWrapperMethods.takeSnap(CommonWrapperMethods.java:918)
	at com.volvo.mfg.reports.Reports.reportStep(Reports.java:84)
	at com.volvo.mfg.commonutilis.CommonWrapperMethods.takeSnap(CommonWrapperMethods.java:918)
	at com.volvo.mfg.reports.Reports.reportStep(Reports.java:84)
	at com.volvo.mfg.commonutilis.CommonWrapperMethods.takeSnap(CommonWrapperMethods.java:918)
	at com.volvo.mfg.reports.Reports.reportStep(Reports.java:84)
	at com.volvo.mfg.commonutilis.CommonWrapperMethods.takeSnap(CommonWrapperMethods.java:918)
	at com.volvo.mfg.reports.Reports.reportStep(Reports.java:84)
	at com.volvo.mfg.commonutilis.CommonWrapperMethods.takeSnap(CommonWrapperMethods.java:918)
	at com.volvo.mfg.reports.Reports.reportStep(Reports.java:84)
	at com.volvo.mfg.commonutilis.CommonWrapperMethods.takeSnap(CommonWrapperMethods.java:918)
	at com.volvo.mfg.reports.Reports.reportStep(Reports.java:84)
	at com.volvo.mfg.commonutilis.CommonWrapperMethods.takeSnap(CommonWrapperMethods.java:918)
	at com.volvo.mfg.reports.Reports.reportStep(Reports.java:84)
	at com.volvo.mfg.commonutilis.CommonWrapperMethods.takeSnap(CommonWrapperMethods.java:918)
	at com.volvo.mfg.reports.Reports.reportStep(Reports.java:84)
	at com.volvo.mfg.commonutilis.CommonWrapperMethods.takeSnap(CommonWrapperMethods.java:918)
	at com.volvo.mfg.reports.Reports.reportStep(Reports.java:84)
	at com.volvo.mfg.commonutilis.CommonWrapperMethods.takeSnap(CommonWrapperMethods.java:918)
	at com.volvo.mfg.reports.Reports.reportStep(Reports.java:84)
	at com.volvo.mfg.commonutilis.CommonWrapperMethods.takeSnap(CommonWrapperMethods.java:918)
	at com.volvo.mfg.reports.Reports.reportStep(Reports.java:84)
	at com.volvo.mfg.commonutilis.CommonWrapperMethods.takeSnap(CommonWrapperMethods.java:918)
	at com.volvo.mfg.reports.Reports.reportStep(Reports.java:84)
	at com.volvo.mfg.commonutilis.CommonWrapperMethods.takeSnap(CommonWrapperMethods.java:918)
	at com.volvo.mfg.reports.Reports.reportStep(Reports.java:84)
	at com.volvo.mfg.commonutilis.CommonWrapperMethods.takeSnap(CommonWrapperMethods.java:918)
	at com.volvo.mfg.reports.Reports.reportStep(Reports.java:84)
	at com.volvo.mfg.commonutilis.CommonWrapperMethods.takeSnap(CommonWrapperMethods.java:918)
	at com.volvo.mfg.reports.Reports.reportStep(Reports.java:84)
	at com.volvo.mfg.commonutilis.CommonWrapperMethods.takeSnap(CommonWrapperMethods.java:918)
	at com.volvo.mfg.reports.Reports.reportStep(Reports.java:84)
	at com.volvo.mfg.commonutilis.CommonWrapperMethods.takeSnap(CommonWrapperMethods.java:918)
	at com.volvo.mfg.reports.Reports.reportStep(Reports.java:84)
	at com.volvo.mfg.commonutilis.CommonWrapperMethods.takeSnap(CommonWrapperMethods.java:918)
	at com.volvo.mfg.reports.Reports.reportStep(Reports.java:84)
	at com.volvo.mfg.commonutilis.CommonWrapperMethods.takeSnap(CommonWrapperMethods.java:918)
	at com.volvo.mfg.reports.Reports.reportStep(Reports.java:84)
	at com.volvo.mfg.commonutilis.CommonWrapperMethods.takeSnap(CommonWrapperMethods.java:918)
	at com.volvo.mfg.reports.Reports.reportStep(Reports.java:84)
	at com.volvo.mfg.commonutilis.CommonWrapperMethods.takeSnap(CommonWrapperMethods.java:918)
	at com.volvo.mfg.reports.Reports.reportStep(Reports.java:84)
	at com.volvo.mfg.commonutilis.CommonWrapperMethods.takeSnap(CommonWrapperMethods.java:918)
	at com.volvo.mfg.reports.Reports.reportStep(Reports.java:84)
	at com.volvo.mfg.commonutilis.CommonWrapperMethods.takeSnap(CommonWrapperMethods.java:918)
	at com.volvo.mfg.reports.Reports.reportStep(Reports.java:84)
	at com.volvo.mfg.commonutilis.CommonWrapperMethods.takeSnap(CommonWrapperMethods.java:918)
	at com.volvo.mfg.reports.Reports.reportStep(Reports.java:84)
	at com.volvo.mfg.commonutilis.CommonWrapperMethods.takeSnap(CommonWrapperMethods.java:918)
	at com.volvo.mfg.reports.Reports.reportStep(Reports.java:84)
	at com.volvo.mfg.commonutilis.CommonWrapperMethods.takeSnap(CommonWrapperMethods.java:918)
	at com.volvo.mfg.reports.Reports.reportStep(Reports.java:84)
	at com.volvo.mfg.commonutilis.CommonWrapperMethods.takeSnap(CommonWrapperMethods.java:918)
	at com.volvo.mfg.reports.Reports.reportStep(Reports.java:84)
	at com.volvo.mfg.commonutilis.CommonWrapperMethods.takeSnap(CommonWrapperMethods.java:918)
	at com.volvo.mfg.reports.Reports.reportStep(Reports.java:84)
	at com.volvo.mfg.commonutilis.CommonWrapperMethods.takeSnap(CommonWrapperMethods.java:918)
	at com.volvo.mfg.reports.Reports.reportStep(Reports.java:84)
	at com.volvo.mfg.commonutilis.CommonWrapperMethods.takeSnap(CommonWrapperMethods.java:918)
	at com.volvo.mfg.reports.Reports.reportStep(Reports.java:84)
	at com.volvo.mfg.commonutilis.CommonWrapperMethods.takeSnap(CommonWrapperMethods.java:918)
	at com.volvo.mfg.reports.Reports.reportStep(Reports.java:84)
	at com.volvo.mfg.commonutilis.CommonWrapperMethods.takeSnap(CommonWrapperMethods.java:918)
	at com.volvo.mfg.reports.Reports.reportStep(Reports.java:84)
	at com.volvo.mfg.commonutilis.CommonWrapperMethods.takeSnap(CommonWrapperMethods.java:918)
	at com.volvo.mfg.reports.Reports.reportStep(Reports.java:84)
	at com.volvo.mfg.commonutilis.CommonWrapperMethods.takeSnap(CommonWrapperMethods.java:918)
	at com.volvo.mfg.reports.Reports.reportStep(Reports.java:84)
	at com.volvo.mfg.commonutilis.CommonWrapperMethods.takeSnap(CommonWrapperMethods.java:918)
	at com.volvo.mfg.reports.Reports.reportStep(Reports.java:84)
	at com.volvo.mfg.commonutilis.CommonWrapperMethods.takeSnap(CommonWrapperMethods.java:918)
	at com.volvo.mfg.reports.Reports.reportStep(Reports.java:84)
	at com.volvo.mfg.commonutilis.CommonWrapperMethods.takeSnap(CommonWrapperMethods.java:918)
	at com.volvo.mfg.reports.Reports.reportStep(Reports.java:84)
	at com.volvo.mfg.commonutilis.CommonWrapperMethods.takeSnap(CommonWrapperMethods.java:918)
	at com.volvo.mfg.reports.Reports.reportStep(Reports.java:84)
	at com.volvo.mfg.commonutilis.CommonWrapperMethods.takeSnap(CommonWrapperMethods.java:918)
	at com.volvo.mfg.reports.Reports.reportStep(Reports.java:84)
	at com.volvo.mfg.commonutilis.CommonWrapperMethods.takeSnap(CommonWrapperMethods.java:918)
	at com.volvo.mfg.reports.Reports.reportStep(Reports.java:84)
	at com.volvo.mfg.commonutilis.CommonWrapperMethods.takeSnap(CommonWrapperMethods.java:918)
	at com.volvo.mfg.reports.Reports.reportStep(Reports.java:84)
	at com.volvo.mfg.commonutilis.CommonWrapperMethods.takeSnap(CommonWrapperMethods.java:918)
	at com.volvo.mfg.reports.Reports.reportStep(Reports.java:84)
	at com.volvo.mfg.commonutilis.CommonWrapperMethods.takeSnap(CommonWrapperMethods.java:918)
	at com.volvo.mfg.reports.Reports.reportStep(Reports.java:84)
	at com.volvo.mfg.commonutilis.CommonWrapperMethods.takeSnap(CommonWrapperMethods.java:918)
	at com.volvo.mfg.reports.Reports.reportStep(Reports.java:84)
	at com.volvo.mfg.commonutilis.CommonWrapperMethods.takeSnap(CommonWrapperMethods.java:918)
	at com.volvo.mfg.reports.Reports.reportStep(Reports.java:84)
	at com.volvo.mfg.commonutilis.CommonWrapperMethods.takeSnap(CommonWrapperMethods.java:918)
	at com.volvo.mfg.reports.Reports.reportStep(Reports.java:84)
	at com.volvo.mfg.commonutilis.CommonWrapperMethods.takeSnap(CommonWrapperMethods.java:918)
	at com.volvo.mfg.reports.Reports.reportStep(Reports.java:84)
	at com.volvo.mfg.commonutilis.CommonWrapperMethods.takeSnap(CommonWrapperMethods.java:918)
	at com.volvo.mfg.reports.Reports.reportStep(Reports.java:84)
	at com.volvo.mfg.commonutilis.CommonWrapperMethods.takeSnap(CommonWrapperMethods.java:918)
	at com.volvo.mfg.reports.Reports.reportStep(Reports.java:84)
	at com.volvo.mfg.commonutilis.CommonWrapperMethods.takeSnap(CommonWrapperMethods.java:918)
	at com.volvo.mfg.reports.Reports.reportStep(Reports.java:84)
	at com.volvo.mfg.commonutilis.CommonWrapperMethods.takeSnap(CommonWrapperMethods.java:918)
	at com.volvo.mfg.reports.Reports.reportStep(Reports.java:84)
	at com.volvo.mfg.commonutilis.CommonWrapperMethods.takeSnap(CommonWrapperMethods.java:918)
	at com.volvo.mfg.reports.Reports.reportStep(Reports.java:84)
	at com.volvo.mfg.commonutilis.CommonWrapperMethods.takeSnap(CommonWrapperMethods.java:918)
	at com.volvo.mfg.reports.Reports.reportStep(Reports.java:84)
	at com.volvo.mfg.commonutilis.CommonWrapperMethods.takeSnap(CommonWrapperMethods.java:918)
	at com.volvo.mfg.reports.Reports.reportStep(Reports.java:84)
	at com.volvo.mfg.commonutilis.CommonWrapperMethods.takeSnap(CommonWrapperMethods.java:918)
	at com.volvo.mfg.reports.Reports.reportStep(Reports.java:84)
	at com.volvo.mfg.commonutilis.CommonWrapperMethods.takeSnap(CommonWrapperMethods.java:918)
	at com.volvo.mfg.reports.Reports.reportStep(Reports.java:84)
	at com.volvo.mfg.commonutilis.CommonWrapperMethods.takeSnap(CommonWrapperMethods.java:918)
	at com.volvo.mfg.reports.Reports.reportStep(Reports.java:84)
	at com.volvo.mfg.commonutilis.CommonWrapperMethods.takeSnap(CommonWrapperMethods.java:918)
	at com.volvo.mfg.reports.Reports.reportStep(Reports.java:84)
	at com.volvo.mfg.commonutilis.CommonWrapperMethods.takeSnap(CommonWrapperMethods.java:918)
	at com.volvo.mfg.reports.Reports.reportStep(Reports.java:84)
	at com.volvo.mfg.commonutilis.CommonWrapperMethods.takeSnap(CommonWrapperMethods.java:918)
	at com.volvo.mfg.reports.Reports.reportStep(Reports.java:84)
	at com.volvo.mfg.commonutilis.CommonWrapperMethods.takeSnap(CommonWrapperMethods.java:918)
	at com.volvo.mfg.reports.Reports.reportStep(Reports.java:84)
	at com.volvo.mfg.commonutilis.CommonWrapperMethods.takeSnap(CommonWrapperMethods.java:918)
	at com.volvo.mfg.reports.Reports.reportStep(Reports.java:84)
	at com.volvo.mfg.commonutilis.CommonWrapperMethods.takeSnap(CommonWrapperMethods.java:918)
	at com.volvo.mfg.reports.Reports.reportStep(Reports.java:84)
	at com.volvo.mfg.commonutilis.CommonWrapperMethods.takeSnap(CommonWrapperMethods.java:918)
	at com.volvo.mfg.reports.Reports.reportStep(Reports.java:84)
	at com.volvo.mfg.commonutilis.CommonWrapperMethods.takeSnap(CommonWrapperMethods.java:918)
	at com.volvo.mfg.reports.Reports.reportStep(Reports.java:84)
	at com.volvo.mfg.commonutilis.CommonWrapperMethods.takeSnap(CommonWrapperMethods.java:918)
	at com.volvo.mfg.reports.Reports.reportStep(Reports.java:84)
	at com.volvo.mfg.commonutilis.CommonWrapperMethods.takeSnap(CommonWrapperMethods.java:918)
	at com.volvo.mfg.reports.Reports.reportStep(Reports.java:84)
	at com.volvo.mfg.commonutilis.CommonWrapperMethods.takeSnap(CommonWrapperMethods.java:918)
	at com.volvo.mfg.reports.Reports.reportStep(Reports.java:84)
	at com.volvo.mfg.commonutilis.CommonWrapperMethods.takeSnap(CommonWrapperMethods.java:918)
	at com.volvo.mfg.reports.Reports.reportStep(Reports.java:84)
	at com.volvo.mfg.commonutilis.CommonWrapperMethods.takeSnap(CommonWrapperMethods.java:918)
	at com.volvo.mfg.reports.Reports.reportStep(Reports.java:84)
	at com.volvo.mfg.commonutilis.CommonWrapperMethods.takeSnap(CommonWrapperMethods.java:918)
	at com.volvo.mfg.reports.Reports.reportStep(Reports.java:84)
	at com.volvo.mfg.commonutilis.CommonWrapperMethods.takeSnap(CommonWrapperMethods.java:918)
	at com.volvo.mfg.reports.Reports.reportStep(Reports.java:84)
	at com.volvo.mfg.commonutilis.CommonWrapperMethods.takeSnap(CommonWrapperMethods.java:918)
	at com.volvo.mfg.reports.Reports.reportStep(Reports.java:84)
	at com.volvo.mfg.commonutilis.CommonWrapperMethods.takeSnap(CommonWrapperMethods.java:918)
	at com.volvo.mfg.reports.Reports.reportStep(Reports.java:84)
	at com.volvo.mfg.commonutilis.CommonWrapperMethods.takeSnap(CommonWrapperMethods.java:918)
	at com.volvo.mfg.reports.Reports.reportStep(Reports.java:84)
	at com.volvo.mfg.commonutilis.CommonWrapperMethods.takeSnap(CommonWrapperMethods.java:918)
	at com.volvo.mfg.reports.Reports.reportStep(Reports.java:84)
	at com.volvo.mfg.commonutilis.CommonWrapperMethods.takeSnap(CommonWrapperMethods.java:918)
	at com.volvo.mfg.reports.Reports.reportStep(Reports.java:84)
	at com.volvo.mfg.commonutilis.CommonWrapperMethods.takeSnap(CommonWrapperMethods.java:918)
	at com.volvo.mfg.reports.Reports.reportStep(Reports.java:84)
	at com.volvo.mfg.commonutilis.CommonWrapperMethods.takeSnap(CommonWrapperMethods.java:918)
	at com.volvo.mfg.reports.Reports.reportStep(Reports.java:84)
	at com.volvo.mfg.commonutilis.CommonWrapperMethods.takeSnap(CommonWrapperMethods.java:918)
	at com.volvo.mfg.reports.Reports.reportStep(Reports.java:84)
	at com.volvo.mfg.commonutilis.CommonWrapperMethods.takeSnap(CommonWrapperMethods.java:918)
	at com.volvo.mfg.reports.Reports.reportStep(Reports.java:84)
	at com.volvo.mfg.commonutilis.CommonWrapperMethods.takeSnap(CommonWrapperMethods.java:918)
	at com.volvo.mfg.reports.Reports.reportStep(Reports.java:84)
	at com.volvo.mfg.commonutilis.CommonWrapperMethods.takeSnap(CommonWrapperMethods.java:918)
	at com.volvo.mfg.reports.Reports.reportStep(Reports.java:84)
	at com.volvo.mfg.commonutilis.CommonWrapperMethods.takeSnap(CommonWrapperMethods.java:918)
	at com.volvo.mfg.reports.Reports.reportStep(Reports.java:84)
	at com.volvo.mfg.commonutilis.CommonWrapperMethods.takeSnap(CommonWrapperMethods.java:918)
	at com.volvo.mfg.reports.Reports.reportStep(Reports.java:84)
	at com.volvo.mfg.commonutilis.CommonWrapperMethods.takeSnap(CommonWrapperMethods.java:918)
	at com.volvo.mfg.reports.Reports.reportStep(Reports.java:84)
	at com.volvo.mfg.commonutilis.CommonWrapperMethods.takeSnap(CommonWrapperMethods.java:918)
	at com.volvo.mfg.reports.Reports.reportStep(Reports.java:84)
	at com.volvo.mfg.commonutilis.CommonWrapperMethods.takeSnap(CommonWrapperMethods.java:918)
	at com.volvo.mfg.reports.Reports.reportStep(Reports.java:84)
	at com.volvo.mfg.commonutilis.CommonWrapperMethods.takeSnap(CommonWrapperMethods.java:918)
	at com.volvo.mfg.reports.Reports.reportStep(Reports.java:84)
	at com.volvo.mfg.commonutilis.CommonWrapperMethods.takeSnap(CommonWrapperMethods.java:918)
	at com.volvo.mfg.reports.Reports.reportStep(Reports.java:84)
	at com.volvo.mfg.commonutilis.CommonWrapperMethods.takeSnap(CommonWrapperMethods.java:918)
	at com.volvo.mfg.reports.Reports.reportStep(Reports.java:84)
	at com.volvo.mfg.commonutilis.CommonWrapperMethods.takeSnap(CommonWrapperMethods.java:918)
	at com.volvo.mfg.reports.Reports.reportStep(Reports.java:84)
	at com.volvo.mfg.commonutilis.CommonWrapperMethods.takeSnap(CommonWrapperMethods.java:918)
	at com.volvo.mfg.reports.Reports.reportStep(Reports.java:84)
	at com.volvo.mfg.commonutilis.CommonWrapperMethods.takeSnap(CommonWrapperMethods.java:918)
	at com.volvo.mfg.reports.Reports.reportStep(Reports.java:84)
	at com.volvo.mfg.commonutilis.CommonWrapperMethods.takeSnap(CommonWrapperMethods.java:918)
	at com.volvo.mfg.reports.Reports.reportStep(Reports.java:84)
	at com.volvo.mfg.commonutilis.CommonWrapperMethods.takeSnap(CommonWrapperMethods.java:918)
	at com.volvo.mfg.reports.Reports.reportStep(Reports.java:84)
	at com.volvo.mfg.commonutilis.CommonWrapperMethods.takeSnap(CommonWrapperMethods.java:918)
	at com.volvo.mfg.reports.Reports.reportStep(Reports.java:84)
	at com.volvo.mfg.commonutilis.CommonWrapperMethods.takeSnap(CommonWrapperMethods.java:918)
	at com.volvo.mfg.reports.Reports.reportStep(Reports.java:84)
	at com.volvo.mfg.commonutilis.CommonWrapperMethods.takeSnap(CommonWrapperMethods.java:918)
	at com.volvo.mfg.reports.Reports.reportStep(Reports.java:84)
	at com.volvo.mfg.commonutilis.CommonWrapperMethods.takeSnap(CommonWrapperMethods.java:918)
	at com.volvo.mfg.reports.Reports.reportStep(Reports.java:84)
	at com.volvo.mfg.commonutilis.CommonWrapperMethods.takeSnap(CommonWrapperMethods.java:918)
	at com.volvo.mfg.reports.Reports.reportStep(Reports.java:84)
	at com.volvo.mfg.commonutilis.CommonWrapperMethods.takeSnap(CommonWrapperMethods.java:918)
	at com.volvo.mfg.reports.Reports.reportStep(Reports.java:84)
	at com.volvo.mfg.commonutilis.CommonWrapperMethods.takeSnap(CommonWrapperMethods.java:918)
	at com.volvo.mfg.reports.Reports.reportStep(Reports.java:84)
	at com.volvo.mfg.commonutilis.CommonWrapperMethods.takeSnap(CommonWrapperMethods.java:918)
	at com.volvo.mfg.reports.Reports.reportStep(Reports.java:84)
	at com.volvo.mfg.commonutilis.CommonWrapperMethods.takeSnap(CommonWrapperMethods.java:918)
	at com.volvo.mfg.reports.Reports.reportStep(Reports.java:84)
	at com.volvo.mfg.commonutilis.CommonWrapperMethods.takeSnap(CommonWrapperMethods.java:918)
	at com.volvo.mfg.reports.Reports.reportStep(Reports.java:84)
	at com.volvo.mfg.commonutilis.CommonWrapperMethods.takeSnap(CommonWrapperMethods.java:918)
	at com.volvo.mfg.reports.Reports.reportStep(Reports.java:84)
	at com.volvo.mfg.commonutilis.CommonWrapperMethods.takeSnap(CommonWrapperMethods.java:918)
	at com.volvo.mfg.reports.Reports.reportStep(Reports.java:84)
	at com.volvo.mfg.commonutilis.CommonWrapperMethods.takeSnap(CommonWrapperMethods.java:918)
	at com.volvo.mfg.reports.Reports.reportStep(Reports.java:84)
	at com.volvo.mfg.commonutilis.CommonWrapperMethods.takeSnap(CommonWrapperMethods.java:918)
	at com.volvo.mfg.reports.Reports.reportStep(Reports.java:84)
	at com.volvo.mfg.commonutilis.CommonWrapperMethods.takeSnap(CommonWrapperMethods.java:918)
	at com.volvo.mfg.reports.Reports.reportStep(Reports.java:84)
	at com.volvo.mfg.commonutilis.CommonWrapperMethods.takeSnap(CommonWrapperMethods.java:918)
	at com.volvo.mfg.reports.Reports.reportStep(Reports.java:84)
	at com.volvo.mfg.commonutilis.CommonWrapperMethods.takeSnap(CommonWrapperMethods.java:918)
	at com.volvo.mfg.reports.Reports.reportStep(Reports.java:84)
	at com.volvo.mfg.commonutilis.CommonWrapperMethods.takeSnap(CommonWrapperMethods.java:918)
	at com.volvo.mfg.reports.Reports.reportStep(Reports.java:84)
	at com.volvo.mfg.commonutilis.CommonWrapperMethods.takeSnap(CommonWrapperMethods.java:918)
	at com.volvo.mfg.reports.Reports.reportStep(Reports.java:84)
	at com.volvo.mfg.commonutilis.CommonWrapperMethods.takeSnap(CommonWrapperMethods.java:918)
	at com.volvo.mfg.reports.Reports.reportStep(Reports.java:84)
	at com.volvo.mfg.commonutilis.CommonWrapperMethods.takeSnap(CommonWrapperMethods.java:918)
	at com.volvo.mfg.reports.Reports.reportStep(Reports.java:84)
	at com.volvo.mfg.commonutilis.CommonWrapperMethods.takeSnap(CommonWrapperMethods.java:918)
	at com.volvo.mfg.reports.Reports.reportStep(Reports.java:84)
	at com.volvo.mfg.commonutilis.CommonWrapperMethods.takeSnap(CommonWrapperMethods.java:918)
	at com.volvo.mfg.reports.Reports.reportStep(Reports.java:84)
	at com.volvo.mfg.commonutilis.CommonWrapperMethods.takeSnap(CommonWrapperMethods.java:918)
	at com.volvo.mfg.reports.Reports.reportStep(Reports.java:84)
	at com.volvo.mfg.commonutilis.CommonWrapperMethods.takeSnap(CommonWrapperMethods.java:918)
	at com.volvo.mfg.reports.Reports.reportStep(Reports.java:84)
	at com.volvo.mfg.commonutilis.CommonWrapperMethods.takeSnap(CommonWrapperMethods.java:918)
	at com.volvo.mfg.reports.Reports.reportStep(Reports.java:84)
	at com.volvo.mfg.commonutilis.CommonWrapperMethods.takeSnap(CommonWrapperMethods.java:918)
	at com.volvo.mfg.reports.Reports.reportStep(Reports.java:84)
	at com.volvo.mfg.commonutilis.CommonWrapperMethods.takeSnap(CommonWrapperMethods.java:918)
	at com.volvo.mfg.reports.Reports.reportStep(Reports.java:84)
	at com.volvo.mfg.commonutilis.CommonWrapperMethods.takeSnap(CommonWrapperMethods.java:918)
	at com.volvo.mfg.reports.Reports.reportStep(Reports.java:84)
	at com.volvo.mfg.commonutilis.CommonWrapperMethods.takeSnap(CommonWrapperMethods.java:918)
	at com.volvo.mfg.reports.Reports.reportStep(Reports.java:84)
	at com.volvo.mfg.commonutilis.CommonWrapperMethods.takeSnap(CommonWrapperMethods.java:918)
	at com.volvo.mfg.reports.Reports.reportStep(Reports.java:84)
	at com.volvo.mfg.commonutilis.CommonWrapperMethods.takeSnap(CommonWrapperMethods.java:918)
	at com.volvo.mfg.reports.Reports.reportStep(Reports.java:84)
	at com.volvo.mfg.commonutilis.CommonWrapperMethods.takeSnap(CommonWrapperMethods.java:918)
	at com.volvo.mfg.reports.Reports.reportStep(Reports.java:84)
	at com.volvo.mfg.commonutilis.CommonWrapperMethods.takeSnap(CommonWrapperMethods.java:918)
	at com.volvo.mfg.reports.Reports.reportStep(Reports.java:84)
	at com.volvo.mfg.commonutilis.CommonWrapperMethods.takeSnap(CommonWrapperMethods.java:918)
	at com.volvo.mfg.reports.Reports.reportStep(Reports.java:84)
	at com.volvo.mfg.commonutilis.CommonWrapperMethods.takeSnap(CommonWrapperMethods.java:918)
	at com.volvo.mfg.reports.Reports.reportStep(Reports.java:84)
	at com.volvo.mfg.commonutilis.CommonWrapperMethods.takeSnap(CommonWrapperMethods.java:918)
	at com.volvo.mfg.reports.Reports.reportStep(Reports.java:84)
	at com.volvo.mfg.commonutilis.CommonWrapperMethods.takeSnap(CommonWrapperMethods.java:918)
	at com.volvo.mfg.reports.Reports.reportStep(Reports.java:84)
	at com.volvo.mfg.commonutilis.CommonWrapperMethods.takeSnap(CommonWrapperMethods.java:918)
	at com.volvo.mfg.reports.Reports.reportStep(Reports.java:84)
	at com.volvo.mfg.commonutilis.CommonWrapperMethods.takeSnap(CommonWrapperMethods.java:918)
	at com.volvo.mfg.reports.Reports.reportStep(Reports.java:84)
	at com.volvo.mfg.commonutilis.CommonWrapperMethods.takeSnap(CommonWrapperMethods.java:918)
	at com.volvo.mfg.reports.Reports.reportStep(Reports.java:84)
	at com.volvo.mfg.commonutilis.CommonWrapperMethods.takeSnap(CommonWrapperMethods.java:918)
	at com.volvo.mfg.reports.Reports.reportStep(Reports.java:84)
	at com.volvo.mfg.commonutilis.CommonWrapperMethods.takeSnap(CommonWrapperMethods.java:918)
	at com.volvo.mfg.reports.Reports.reportStep(Reports.java:84)
	at com.volvo.mfg.commonutilis.CommonWrapperMethods.takeSnap(CommonWrapperMethods.java:918)
	at com.volvo.mfg.reports.Reports.reportStep(Reports.java:84)
	at com.volvo.mfg.commonutilis.CommonWrapperMethods.takeSnap(CommonWrapperMethods.java:918)
	at com.volvo.mfg.reports.Reports.reportStep(Reports.java:84)
	at com.volvo.mfg.commonutilis.CommonWrapperMethods.takeSnap(CommonWrapperMethods.java:918)
	at com.volvo.mfg.reports.Reports.reportStep(Reports.java:84)
	at com.volvo.mfg.commonutilis.CommonWrapperMethods.takeSnap(CommonWrapperMethods.java:918)
	at com.volvo.mfg.reports.Reports.reportStep(Reports.java:84)
	at com.volvo.mfg.commonutilis.CommonWrapperMethods.takeSnap(CommonWrapperMethods.java:918)
	at com.volvo.mfg.reports.Reports.reportStep(Reports.java:84)
	at com.volvo.mfg.commonutilis.CommonWrapperMethods.takeSnap(CommonWrapperMethods.java:918)
	at com.volvo.mfg.reports.Reports.reportStep(Reports.java:84)
	at com.volvo.mfg.commonutilis.CommonWrapperMethods.takeSnap(CommonWrapperMethods.java:918)
	at com.volvo.mfg.reports.Reports.reportStep(Reports.java:84)
	at com.volvo.mfg.commonutilis.CommonWrapperMethods.takeSnap(CommonWrapperMethods.java:918)
	at com.volvo.mfg.reports.Reports.reportStep(Reports.java:84)
	at com.volvo.mfg.commonutilis.CommonWrapperMethods.takeSnap(CommonWrapperMethods.java:918)
	at com.volvo.mfg.reports.Reports.reportStep(Reports.java:84)
	at com.volvo.mfg.commonutilis.CommonWrapperMethods.takeSnap(CommonWrapperMethods.java:918)
	at com.volvo.mfg.reports.Reports.reportStep(Reports.java:84)
	at com.volvo.mfg.commonutilis.CommonWrapperMethods.takeSnap(CommonWrapperMethods.java:918)
	at com.volvo.mfg.reports.Reports.reportStep(Reports.java:84)
	at com.volvo.mfg.commonutilis.CommonWrapperMethods.takeSnap(CommonWrapperMethods.java:918)
	at com.volvo.mfg.reports.Reports.reportStep(Reports.java:84)
	at com.volvo.mfg.commonutilis.CommonWrapperMethods.takeSnap(CommonWrapperMethods.java:918)
	at com.volvo.mfg.reports.Reports.reportStep(Reports.java:84)
	at com.volvo.mfg.commonutilis.CommonWrapperMethods.takeSnap(CommonWrapperMethods.java:918)
	at com.volvo.mfg.reports.Reports.reportStep(Reports.java:84)
	at com.volvo.mfg.commonutilis.CommonWrapperMethods.takeSnap(CommonWrapperMethods.java:918)
	at com.volvo.mfg.reports.Reports.reportStep(Reports.java:84)
	at com.volvo.mfg.commonutilis.CommonWrapperMethods.takeSnap(CommonWrapperMethods.java:918)
	at com.volvo.mfg.reports.Reports.reportStep(Reports.java:84)
	at com.volvo.mfg.commonutilis.CommonWrapperMethods.takeSnap(CommonWrapperMethods.java:918)
	at com.volvo.mfg.reports.Reports.reportStep(Reports.java:84)
	at com.volvo.mfg.commonutilis.CommonWrapperMethods.takeSnap(CommonWrapperMethods.java:918)
	at com.volvo.mfg.reports.Reports.reportStep(Reports.java:84)
	at com.volvo.mfg.commonutilis.CommonWrapperMethods.takeSnap(CommonWrapperMethods.java:918)
	at com.volvo.mfg.reports.Reports.reportStep(Reports.java:84)
	at com.volvo.mfg.commonutilis.CommonWrapperMethods.takeSnap(CommonWrapperMethods.java:918)
	at com.volvo.mfg.reports.Reports.reportStep(Reports.java:84)
	at com.volvo.mfg.commonutilis.CommonWrapperMethods.takeSnap(CommonWrapperMethods.java:918)
	at com.volvo.mfg.reports.Reports.reportStep(Reports.java:84)
	at com.volvo.mfg.commonutilis.CommonWrapperMethods.takeSnap(CommonWrapperMethods.java:918)
	at com.volvo.mfg.reports.Reports.reportStep(Reports.java:84)
	at com.volvo.mfg.commonutilis.CommonWrapperMethods.takeSnap(CommonWrapperMethods.java:918)
	at com.volvo.mfg.reports.Reports.reportStep(Reports.java:84)
	at com.volvo.mfg.commonutilis.CommonWrapperMethods.takeSnap(CommonWrapperMethods.java:918)
	at com.volvo.mfg.reports.Reports.reportStep(Reports.java:84)
	at com.volvo.mfg.commonutilis.CommonWrapperMethods.takeSnap(CommonWrapperMethods.java:918)
	at com.volvo.mfg.reports.Reports.reportStep(Reports.java:84)
	at com.volvo.mfg.commonutilis.CommonWrapperMethods.takeSnap(CommonWrapperMethods.java:918)
	at com.volvo.mfg.reports.Reports.reportStep(Reports.java:84)
	at com.volvo.mfg.commonutilis.CommonWrapperMethods.takeSnap(CommonWrapperMethods.java:918)
	at com.volvo.mfg.reports.Reports.reportStep(Reports.java:84)
	at com.volvo.mfg.commonutilis.CommonWrapperMethods.takeSnap(CommonWrapperMethods.java:918)
	at com.volvo.mfg.reports.Reports.reportStep(Reports.java:84)
	at com.volvo.mfg.commonutilis.CommonWrapperMethods.takeSnap(CommonWrapperMethods.java:918)
	at com.volvo.mfg.reports.Reports.reportStep(Reports.java:84)
	at com.volvo.mfg.commonutilis.CommonWrapperMethods.takeSnap(CommonWrapperMethods.java:918)
	at com.volvo.mfg.reports.Reports.reportStep(Reports.java:84)
	at com.volvo.mfg.commonutilis.CommonWrapperMethods.takeSnap(CommonWrapperMethods.java:918)
	at com.volvo.mfg.reports.Reports.reportStep(Reports.java:84)
	at com.volvo.mfg.commonutilis.CommonWrapperMethods.takeSnap(CommonWrapperMethods.java:918)
	at com.volvo.mfg.reports.Reports.reportStep(Reports.java:84)
	at com.volvo.mfg.commonutilis.CommonWrapperMethods.takeSnap(CommonWrapperMethods.java:918)
	at com.volvo.mfg.reports.Reports.reportStep(Reports.java:84)
	at com.volvo.mfg.commonutilis.CommonWrapperMethods.takeSnap(CommonWrapperMethods.java:918)
	at com.volvo.mfg.reports.Reports.reportStep(Reports.java:84)
	at com.volvo.mfg.commonutilis.CommonWrapperMethods.takeSnap(CommonWrapperMethods.java:918)
	at com.volvo.mfg.reports.Reports.reportStep(Reports.java:84)
	at com.volvo.mfg.commonutilis.CommonWrapperMethods.takeSnap(CommonWrapperMethods.java:918)
	at com.volvo.mfg.reports.Reports.reportStep(Reports.java:84)
	at com.volvo.mfg.commonutilis.CommonWrapperMethods.takeSnap(CommonWrapperMethods.java:918)
	at com.volvo.mfg.reports.Reports.reportStep(Reports.java:84)
	at com.volvo.mfg.commonutilis.CommonWrapperMethods.takeSnap(CommonWrapperMethods.java:918)
	at com.volvo.mfg.reports.Reports.reportStep(Reports.java:84)
	at com.volvo.mfg.commonutilis.CommonWrapperMethods.takeSnap(CommonWrapperMethods.java:918)
	at com.volvo.mfg.reports.Reports.reportStep(Reports.java:84)
	at com.volvo.mfg.commonutilis.CommonWrapperMethods.takeSnap(CommonWrapperMethods.java:918)
	at com.volvo.mfg.reports.Reports.reportStep(Reports.java:84)
	at com.volvo.mfg.commonutilis.CommonWrapperMethods.takeSnap(CommonWrapperMethods.java:918)
	at com.volvo.mfg.reports.Reports.reportStep(Reports.java:84)
	at com.volvo.mfg.commonutilis.CommonWrapperMethods.takeSnap(CommonWrapperMethods.java:918)
	at com.volvo.mfg.reports.Reports.reportStep(Reports.java:84)
	at com.volvo.mfg.commonutilis.CommonWrapperMethods.takeSnap(CommonWrapperMethods.java:918)
	at com.volvo.mfg.reports.Reports.reportStep(Reports.java:84)
	at com.volvo.mfg.commonutilis.CommonWrapperMethods.takeSnap(CommonWrapperMethods.java:918)
	at com.volvo.mfg.reports.Reports.reportStep(Reports.java:84)
	at com.volvo.mfg.commonutilis.CommonWrapperMethods.takeSnap(CommonWrapperMethods.java:918)
	at com.volvo.mfg.reports.Reports.reportStep(Reports.java:84)
	at com.volvo.mfg.commonutilis.CommonWrapperMethods.takeSnap(CommonWrapperMethods.java:918)
	at com.volvo.mfg.reports.Reports.reportStep(Reports.java:84)
	at com.volvo.mfg.commonutilis.CommonWrapperMethods.takeSnap(CommonWrapperMethods.java:918)
	at com.volvo.mfg.reports.Reports.reportStep(Reports.java:84)
	at com.volvo.mfg.commonutilis.CommonWrapperMethods.takeSnap(CommonWrapperMethods.java:918)
	at com.volvo.mfg.reports.Reports.reportStep(Reports.java:84)
	at com.volvo.mfg.commonutilis.CommonWrapperMethods.takeSnap(CommonWrapperMethods.java:918)
	at com.volvo.mfg.reports.Reports.reportStep(Reports.java:84)
	at com.volvo.mfg.commonutilis.CommonWrapperMethods.takeSnap(CommonWrapperMethods.java:918)
	at com.volvo.mfg.reports.Reports.reportStep(Reports.java:84)
	at com.volvo.mfg.commonutilis.CommonWrapperMethods.takeSnap(CommonWrapperMethods.java:918)
	at com.volvo.mfg.reports.Reports.reportStep(Reports.java:84)
	at com.volvo.mfg.commonutilis.CommonWrapperMethods.takeSnap(CommonWrapperMethods.java:918)
	at com.volvo.mfg.reports.Reports.reportStep(Reports.java:84)
	at com.volvo.mfg.commonutilis.CommonWrapperMethods.takeSnap(CommonWrapperMethods.java:918)
	at com.volvo.mfg.reports.Reports.reportStep(Reports.java:84)
	at com.volvo.mfg.commonutilis.CommonWrapperMethods.takeSnap(CommonWrapperMethods.java:918)
	at com.volvo.mfg.reports.Reports.reportStep(Reports.java:84)
	at com.volvo.mfg.commonutilis.CommonWrapperMethods.takeSnap(CommonWrapperMethods.java:918)
	at com.volvo.mfg.reports.Reports.reportStep(Reports.java:84)
	at com.volvo.mfg.commonutilis.CommonWrapperMethods.takeSnap(CommonWrapperMethods.java:918)
	at com.volvo.mfg.reports.Reports.reportStep(Reports.java:84)
	at com.volvo.mfg.commonutilis.CommonWrapperMethods.takeSnap(CommonWrapperMethods.java:918)
	at com.volvo.mfg.reports.Reports.reportStep(Reports.java:84)
	at com.volvo.mfg.commonutilis.CommonWrapperMethods.takeSnap(CommonWrapperMethods.java:918)
	at com.volvo.mfg.reports.Reports.reportStep(Reports.java:84)
	at com.volvo.mfg.commonutilis.CommonWrapperMethods.takeSnap(CommonWrapperMethods.java:918)
	at com.volvo.mfg.reports.Reports.reportStep(Reports.java:84)
	at com.volvo.mfg.commonutilis.CommonWrapperMethods.takeSnap(CommonWrapperMethods.java:918)
	at com.volvo.mfg.reports.Reports.reportStep(Reports.java:84)
	at com.volvo.mfg.commonutilis.CommonWrapperMethods.takeSnap(CommonWrapperMethods.java:918)
	at com.volvo.mfg.reports.Reports.reportStep(Reports.java:84)
	at com.volvo.mfg.commonutilis.CommonWrapperMethods.takeSnap(CommonWrapperMethods.java:918)
	at com.volvo.mfg.reports.Reports.reportStep(Reports.java:84)
	at com.volvo.mfg.commonutilis.CommonWrapperMethods.takeSnap(CommonWrapperMethods.java:918)
	at com.volvo.mfg.reports.Reports.reportStep(Reports.java:84)
	at com.volvo.mfg.commonutilis.CommonWrapperMethods.takeSnap(CommonWrapperMethods.java:918)
	at com.volvo.mfg.reports.Reports.reportStep(Reports.java:84)
	at com.volvo.mfg.commonutilis.CommonWrapperMethods.takeSnap(CommonWrapperMethods.java:918)
	at com.volvo.mfg.reports.Reports.reportStep(Reports.java:84)
	at com.volvo.mfg.commonutilis.CommonWrapperMethods.takeSnap(CommonWrapperMethods.java:918)
	at com.volvo.mfg.reports.Reports.reportStep(Reports.java:84)
	at com.volvo.mfg.commonutilis.CommonWrapperMethods.takeSnap(CommonWrapperMethods.java:918)
	at com.volvo.mfg.reports.Reports.reportStep(Reports.java:84)
	at com.volvo.mfg.commonutilis.CommonWrapperMethods.takeSnap(CommonWrapperMethods.java:918)
	at com.volvo.mfg.reports.Reports.reportStep(Reports.java:84)
	at com.volvo.mfg.commonutilis.CommonWrapperMethods.takeSnap(CommonWrapperMethods.java:918)
	at com.volvo.mfg.reports.Reports.reportStep(Reports.java:84)
	at com.volvo.mfg.commonutilis.CommonWrapperMethods.takeSnap(CommonWrapperMethods.java:918)
	at com.volvo.mfg.reports.Reports.reportStep(Reports.java:84)
	at com.volvo.mfg.commonutilis.CommonWrapperMethods.takeSnap(CommonWrapperMethods.java:918)
	at com.volvo.mfg.reports.Reports.reportStep(Reports.java:84)
	at com.volvo.mfg.commonutilis.CommonWrapperMethods.takeSnap(CommonWrapperMethods.java:918)
	at com.volvo.mfg.reports.Reports.reportStep(Reports.java:84)
	at com.volvo.mfg.commonutilis.CommonWrapperMethods.takeSnap(CommonWrapperMethods.java:918)
	at com.volvo.mfg.reports.Reports.reportStep(Reports.java:84)
	at com.volvo.mfg.commonutilis.CommonWrapperMethods.takeSnap(CommonWrapperMethods.java:918)
	at com.volvo.mfg.reports.Reports.reportStep(Reports.java:84)
	at com.volvo.mfg.commonutilis.CommonWrapperMethods.takeSnap(CommonWrapperMethods.java:918)
	at com.volvo.mfg.reports.Reports.reportStep(Reports.java:84)
	at com.volvo.mfg.commonutilis.CommonWrapperMethods.takeSnap(CommonWrapperMethods.java:918)
	at com.volvo.mfg.reports.Reports.reportStep(Reports.java:84)
	at com.volvo.mfg.commonutilis.CommonWrapperMethods.takeSnap(CommonWrapperMethods.java:918)
	at com.volvo.mfg.reports.Reports.reportStep(Reports.java:84)
	at com.volvo.mfg.commonutilis.CommonWrapperMethods.takeSnap(CommonWrapperMethods.java:918)
	at com.volvo.mfg.reports.Reports.reportStep(Reports.java:84)
	at com.volvo.mfg.commonutilis.CommonWrapperMethods.takeSnap(CommonWrapperMethods.java:918)
	at com.volvo.mfg.reports.Reports.reportStep(Reports.java:84)
	at com.volvo.mfg.commonutilis.CommonWrapperMethods.takeSnap(CommonWrapperMethods.java:918)
	at com.volvo.mfg.reports.Reports.reportStep(Reports.java:84)
	at com.volvo.mfg.commonutilis.CommonWrapperMethods.takeSnap(CommonWrapperMethods.java:918)
	at com.volvo.mfg.reports.Reports.reportStep(Reports.java:84)
	at com.volvo.mfg.commonutilis.CommonWrapperMethods.takeSnap(CommonWrapperMethods.java:918)
	at com.volvo.mfg.reports.Reports.reportStep(Reports.java:84)
	at com.volvo.mfg.commonutilis.CommonWrapperMethods.takeSnap(CommonWrapperMethods.java:918)
	at com.volvo.mfg.reports.Reports.reportStep(Reports.java:84)
	at com.volvo.mfg.commonutilis.CommonWrapperMethods.takeSnap(CommonWrapperMethods.java:918)
	at com.volvo.mfg.reports.Reports.reportStep(Reports.java:84)
	at com.volvo.mfg.commonutilis.CommonWrapperMethods.takeSnap(CommonWrapperMethods.java:918)
	at com.volvo.mfg.reports.Reports.reportStep(Reports.java:84)
	at com.volvo.mfg.commonutilis.CommonWrapperMethods.takeSnap(CommonWrapperMethods.java:918)
	at com.volvo.mfg.reports.Reports.reportStep(Reports.java:84)
	at com.volvo.mfg.commonutilis.CommonWrapperMethods.takeSnap(CommonWrapperMethods.java:918)
	at com.volvo.mfg.reports.Reports.reportStep(Reports.java:84)
	at com.volvo.mfg.commonutilis.CommonWrapperMethods.takeSnap(CommonWrapperMethods.java:918)
	at com.volvo.mfg.reports.Reports.reportStep(Reports.java:84)
	at com.volvo.mfg.commonutilis.CommonWrapperMethods.takeSnap(CommonWrapperMethods.java:918)
	at com.volvo.mfg.reports.Reports.reportStep(Reports.java:84)
	at com.volvo.mfg.commonutilis.CommonWrapperMethods.takeSnap(CommonWrapperMethods.java:918)
	at com.volvo.mfg.reports.Reports.reportStep(Reports.java:84)
	at com.volvo.mfg.commonutilis.CommonWrapperMethods.takeSnap(CommonWrapperMethods.java:918)
	at com.volvo.mfg.reports.Reports.reportStep(Reports.java:84)
	at com.volvo.mfg.commonutilis.CommonWrapperMethods.takeSnap(CommonWrapperMethods.java:918)
	at com.volvo.mfg.reports.Reports.reportStep(Reports.java:84)
	at com.volvo.mfg.commonutilis.CommonWrapperMethods.takeSnap(CommonWrapperMethods.java:918)
	at com.volvo.mfg.reports.Reports.reportStep(Reports.java:84)
	at com.volvo.mfg.commonutilis.CommonWrapperMethods.takeSnap(CommonWrapperMethods.java:918)
	at com.volvo.mfg.reports.Reports.reportStep(Reports.java:84)
	at com.volvo.mfg.commonutilis.CommonWrapperMethods.takeSnap(CommonWrapperMethods.java:918)
	at com.volvo.mfg.reports.Reports.reportStep(Reports.java:84)
	at com.volvo.mfg.commonutilis.CommonWrapperMethods.takeSnap(CommonWrapperMethods.java:918)
	at com.volvo.mfg.reports.Reports.reportStep(Reports.java:84)
	at com.volvo.mfg.commonutilis.CommonWrapperMethods.takeSnap(CommonWrapperMethods.java:918)
	at com.volvo.mfg.reports.Reports.reportStep(Reports.java:84)
	at com.volvo.mfg.commonutilis.CommonWrapperMethods.takeSnap(CommonWrapperMethods.java:918)
	at com.volvo.mfg.reports.Reports.reportStep(Reports.java:84)
	at com.volvo.mfg.commonutilis.CommonWrapperMethods.takeSnap(CommonWrapperMethods.java:918)
	at com.volvo.mfg.reports.Reports.reportStep(Reports.java:84)
	at com.volvo.mfg.commonutilis.CommonWrapperMethods.takeSnap(CommonWrapperMethods.java:918)
	at com.volvo.mfg.reports.Reports.reportStep(Reports.java:84)
	at com.volvo.mfg.commonutilis.CommonWrapperMethods.takeSnap(CommonWrapperMethods.java:918)
	at com.volvo.mfg.reports.Reports.reportStep(Reports.java:84)
	at com.volvo.mfg.commonutilis.CommonWrapperMethods.takeSnap(CommonWrapperMethods.java:918)
	at com.volvo.mfg.reports.Reports.reportStep(Reports.java:84)
	at com.volvo.mfg.commonutilis.CommonWrapperMethods.takeSnap(CommonWrapperMethods.java:918)
	at com.volvo.mfg.reports.Reports.reportStep(Reports.java:84)
	at com.volvo.mfg.commonutilis.CommonWrapperMethods.takeSnap(CommonWrapperMethods.java:918)
	at com.volvo.mfg.reports.Reports.reportStep(Reports.java:84)
	at com.volvo.mfg.commonutilis.CommonWrapperMethods.takeSnap(CommonWrapperMethods.java:918)
	at com.volvo.mfg.reports.Reports.reportStep(Reports.java:84)
	at com.volvo.mfg.commonutilis.CommonWrapperMethods.takeSnap(CommonWrapperMethods.java:918)
	at com.volvo.mfg.reports.Reports.reportStep(Reports.java:84)
	at com.volvo.mfg.commonutilis.CommonWrapperMethods.takeSnap(CommonWrapperMethods.java:918)
	at com.volvo.mfg.reports.Reports.reportStep(Reports.java:84)
	at com.volvo.mfg.commonutilis.CommonWrapperMethods.takeSnap(CommonWrapperMethods.java:918)
	at com.volvo.mfg.reports.Reports.reportStep(Reports.java:84)
	at com.volvo.mfg.commonutilis.CommonWrapperMethods.takeSnap(CommonWrapperMethods.java:918)
	at com.volvo.mfg.reports.Reports.reportStep(Reports.java:84)
	at com.volvo.mfg.commonutilis.CommonWrapperMethods.takeSnap(CommonWrapperMethods.java:918)
	at com.volvo.mfg.reports.Reports.reportStep(Reports.java:84)
	at com.volvo.mfg.commonutilis.CommonWrapperMethods.takeSnap(CommonWrapperMethods.java:918)
	at com.volvo.mfg.reports.Reports.reportStep(Reports.java:84)
	at com.volvo.mfg.commonutilis.CommonWrapperMethods.takeSnap(CommonWrapperMethods.java:918)
	at com.volvo.mfg.reports.Reports.reportStep(Reports.java:84)
	at com.volvo.mfg.commonutilis.CommonWrapperMethods.takeSnap(CommonWrapperMethods.java:918)
	at com.volvo.mfg.reports.Reports.reportStep(Reports.java:84)
	at com.volvo.mfg.commonutilis.CommonWrapperMethods.takeSnap(CommonWrapperMethods.java:918)
	at com.volvo.mfg.reports.Reports.reportStep(Reports.java:84)
	at com.volvo.mfg.commonutilis.CommonWrapperMethods.takeSnap(CommonWrapperMethods.java:918)
	at com.volvo.mfg.reports.Reports.reportStep(Reports.java:84)
	at com.volvo.mfg.commonutilis.CommonWrapperMethods.takeSnap(CommonWrapperMethods.java:918)
	at com.volvo.mfg.reports.Reports.reportStep(Reports.java:84)
	at com.volvo.mfg.commonutilis.CommonWrapperMethods.takeSnap(CommonWrapperMethods.java:918)
	at com.volvo.mfg.reports.Reports.reportStep(Reports.java:84)
	at com.volvo.mfg.commonutilis.CommonWrapperMethods.takeSnap(CommonWrapperMethods.java:918)
	at com.volvo.mfg.reports.Reports.reportStep(Reports.java:84)
	at com.volvo.mfg.commonutilis.CommonWrapperMethods.takeSnap(CommonWrapperMethods.java:918)
	at com.volvo.mfg.reports.Reports.reportStep(Reports.java:84)
	at com.volvo.mfg.commonutilis.CommonWrapperMethods.takeSnap(CommonWrapperMethods.java:918)
	at com.volvo.mfg.reports.Reports.reportStep(Reports.java:84)
	at com.volvo.mfg.commonutilis.CommonWrapperMethods.takeSnap(CommonWrapperMethods.java:918)
	at com.volvo.mfg.reports.Reports.reportStep(Reports.java:84)
	at com.volvo.mfg.commonutilis.CommonWrapperMethods.takeSnap(CommonWrapperMethods.java:918)
	at com.volvo.mfg.reports.Reports.reportStep(Reports.java:84)
	at com.volvo.mfg.commonutilis.CommonWrapperMethods.takeSnap(CommonWrapperMethods.java:918)
	at com.volvo.mfg.reports.Reports.reportStep(Reports.java:84)
	at com.volvo.mfg.commonutilis.CommonWrapperMethods.takeSnap(CommonWrapperMethods.java:918)
	at com.volvo.mfg.reports.Reports.reportStep(Reports.java:84)
	at com.volvo.mfg.commonutilis.CommonWrapperMethods.takeSnap(CommonWrapperMethods.java:918)
	at com.volvo.mfg.reports.Reports.reportStep(Reports.java:84)
	at com.volvo.mfg.commonutilis.CommonWrapperMethods.takeSnap(CommonWrapperMethods.java:918)
	at com.volvo.mfg.reports.Reports.reportStep(Reports.java:84)
	at com.volvo.mfg.commonutilis.CommonWrapperMethods.takeSnap(CommonWrapperMethods.java:918)
	at com.volvo.mfg.reports.Reports.reportStep(Reports.java:84)
	at com.volvo.mfg.commonutilis.CommonWrapperMethods.takeSnap(CommonWrapperMethods.java:918)
	at com.volvo.mfg.reports.Reports.reportStep(Reports.java:84)
	at com.volvo.mfg.commonutilis.CommonWrapperMethods.takeSnap(CommonWrapperMethods.java:918)
	at com.volvo.mfg.reports.Reports.reportStep(Reports.java:84)
	at com.volvo.mfg.commonutilis.CommonWrapperMethods.takeSnap(CommonWrapperMethods.java:918)
	at com.volvo.mfg.reports.Reports.reportStep(Reports.java:84)
	at com.volvo.mfg.commonutilis.CommonWrapperMethods.takeSnap(CommonWrapperMethods.java:918)
	at com.volvo.mfg.reports.Reports.reportStep(Reports.java:84)
	at com.volvo.mfg.commonutilis.CommonWrapperMethods.takeSnap(CommonWrapperMethods.java:918)
	at com.volvo.mfg.reports.Reports.reportStep(Reports.java:84)
	at com.volvo.mfg.commonutilis.CommonWrapperMethods.takeSnap(CommonWrapperMethods.java:918)
	at com.volvo.mfg.reports.Reports.reportStep(Reports.java:84)
	at com.volvo.mfg.commonutilis.CommonWrapperMethods.takeSnap(CommonWrapperMethods.java:918)
	at com.volvo.mfg.reports.Reports.reportStep(Reports.java:84)
	at com.volvo.mfg.commonutilis.CommonWrapperMethods.takeSnap(CommonWrapperMethods.java:918)
	at com.volvo.mfg.reports.Reports.reportStep(Reports.java:84)
	at com.volvo.mfg.commonutilis.CommonWrapperMethods.takeSnap(CommonWrapperMethods.java:918)
	at com.volvo.mfg.reports.Reports.reportStep(Reports.java:84)
	at com.volvo.mfg.commonutilis.CommonWrapperMethods.takeSnap(CommonWrapperMethods.java:918)
	at com.volvo.mfg.reports.Reports.reportStep(Reports.java:84)
	at com.volvo.mfg.commonutilis.CommonWrapperMethods.takeSnap(CommonWrapperMethods.java:918)
	at com.volvo.mfg.reports.Reports.reportStep(Reports.java:84)
	at com.volvo.mfg.commonutilis.CommonWrapperMethods.takeSnap(CommonWrapperMethods.java:918)
	at com.volvo.mfg.reports.Reports.reportStep(Reports.java:84)
	at com.volvo.mfg.commonutilis.CommonWrapperMethods.takeSnap(CommonWrapperMethods.java:918)
	at com.volvo.mfg.reports.Reports.reportStep(Reports.java:84)
	at com.volvo.mfg.commonutilis.CommonWrapperMethods.takeSnap(CommonWrapperMethods.java:918)
	at com.volvo.mfg.reports.Reports.reportStep(Reports.java:84)
	at com.volvo.mfg.commonutilis.CommonWrapperMethods.takeSnap(CommonWrapperMethods.java:918)
	at com.volvo.mfg.reports.Reports.reportStep(Reports.java:84)
	at com.volvo.mfg.commonutilis.CommonWrapperMethods.takeSnap(CommonWrapperMethods.java:918)
	at com.volvo.mfg.reports.Reports.reportStep(Reports.java:84)
	at com.volvo.mfg.commonutilis.CommonWrapperMethods.takeSnap(CommonWrapperMethods.java:918)
	at com.volvo.mfg.reports.Reports.reportStep(Reports.java:84)
	at com.volvo.mfg.commonutilis.CommonWrapperMethods.takeSnap(CommonWrapperMethods.java:918)
	at com.volvo.mfg.reports.Reports.reportStep(Reports.java:84)
	at com.volvo.mfg.commonutilis.CommonWrapperMethods.takeSnap(CommonWrapperMethods.java:918)
	at com.volvo.mfg.reports.Reports.reportStep(Reports.java:84)
	at com.volvo.mfg.commonutilis.CommonWrapperMethods.takeSnap(CommonWrapperMethods.java:918)
	at com.volvo.mfg.reports.Reports.reportStep(Reports.java:84)
	at com.volvo.mfg.commonutilis.CommonWrapperMethods.takeSnap(CommonWrapperMethods.java:918)
	at com.volvo.mfg.reports.Reports.reportStep(Reports.java:84)
	at com.volvo.mfg.commonutilis.CommonWrapperMethods.takeSnap(CommonWrapperMethods.java:918)
	at com.volvo.mfg.reports.Reports.reportStep(Reports.java:84)
	at com.volvo.mfg.commonutilis.CommonWrapperMethods.takeSnap(CommonWrapperMethods.java:918)
	at com.volvo.mfg.reports.Reports.reportStep(Reports.java:84)
	at com.volvo.mfg.commonutilis.CommonWrapperMethods.takeSnap(CommonWrapperMethods.java:918)
	at com.volvo.mfg.reports.Reports.reportStep(Reports.java:84)
	at com.volvo.mfg.commonutilis.CommonWrapperMethods.takeSnap(CommonWrapperMethods.java:918)
	at com.volvo.mfg.reports.Reports.reportStep(Reports.java:84)
	at com.volvo.mfg.commonutilis.CommonWrapperMethods.takeSnap(CommonWrapperMethods.java:918)
	at com.volvo.mfg.reports.Reports.reportStep(Reports.java:84)
	at com.volvo.mfg.commonutilis.CommonWrapperMethods.takeSnap(CommonWrapperMethods.java:918)
	at com.volvo.mfg.reports.Reports.reportStep(Reports.java:84)
	at com.volvo.mfg.commonutilis.CommonWrapperMethods.takeSnap(CommonWrapperMethods.java:918)
	at com.volvo.mfg.reports.Reports.reportStep(Reports.java:84)
	at com.volvo.mfg.commonutilis.CommonWrapperMethods.takeSnap(CommonWrapperMethods.java:918)
	at com.volvo.mfg.reports.Reports.reportStep(Reports.java:84)
	at com.volvo.mfg.commonutilis.CommonWrapperMethods.takeSnap(CommonWrapperMethods.java:918)
	at com.volvo.mfg.reports.Reports.reportStep(Reports.java:84)
	at com.volvo.mfg.commonutilis.CommonWrapperMethods.takeSnap(CommonWrapperMethods.java:918)
	at com.volvo.mfg.reports.Reports.reportStep(Reports.java:84)
	at com.volvo.mfg.commonutilis.CommonWrapperMethods.takeSnap(CommonWrapperMethods.java:918)
	at com.volvo.mfg.reports.Reports.reportStep(Reports.java:84)
	at com.volvo.mfg.commonutilis.CommonWrapperMethods.takeSnap(CommonWrapperMethods.java:918)
	at com.volvo.mfg.reports.Reports.reportStep(Reports.java:84)
	at com.volvo.mfg.commonutilis.CommonWrapperMethods.takeSnap(CommonWrapperMethods.java:918)
	at com.volvo.mfg.reports.Reports.reportStep(Reports.java:84)
	at com.volvo.mfg.commonutilis.CommonWrapperMethods.takeSnap(CommonWrapperMethods.java:918)
	at com.volvo.mfg.reports.Reports.reportStep(Reports.java:84)
	at com.volvo.mfg.commonutilis.CommonWrapperMethods.takeSnap(CommonWrapperMethods.java:918)
	at com.volvo.mfg.reports.Reports.reportStep(Reports.java:84)
	at com.volvo.mfg.commonutilis.CommonWrapperMethods.takeSnap(CommonWrapperMethods.java:918)
	at com.volvo.mfg.reports.Reports.reportStep(Reports.java:84)
	at com.volvo.mfg.commonutilis.CommonWrapperMethods.takeSnap(CommonWrapperMethods.java:918)
	at com.volvo.mfg.reports.Reports.reportStep(Reports.java:84)
	at com.volvo.mfg.commonutilis.CommonWrapperMethods.takeSnap(CommonWrapperMethods.java:918)
	at com.volvo.mfg.reports.Reports.reportStep(Reports.java:84)
	at com.volvo.mfg.commonutilis.CommonWrapperMethods.takeSnap(CommonWrapperMethods.java:918)
	at com.volvo.mfg.reports.Reports.reportStep(Reports.java:84)
	at com.volvo.mfg.commonutilis.CommonWrapperMethods.takeSnap(CommonWrapperMethods.java:918)
	at com.volvo.mfg.reports.Reports.reportStep(Reports.java:84)
	at com.volvo.mfg.commonutilis.CommonWrapperMethods.takeSnap(CommonWrapperMethods.java:918)
	at com.volvo.mfg.reports.Reports.reportStep(Reports.java:84)
	at com.volvo.mfg.commonutilis.CommonWrapperMethods.takeSnap(CommonWrapperMethods.java:918)
	at com.volvo.mfg.reports.Reports.reportStep(Reports.java:84)
	at com.volvo.mfg.commonutilis.CommonWrapperMethods.takeSnap(CommonWrapperMethods.java:918)
	at com.volvo.mfg.reports.Reports.reportStep(Reports.java:84)
	at com.volvo.mfg.commonutilis.CommonWrapperMethods.takeSnap(CommonWrapperMethods.java:918)
	at com.volvo.mfg.reports.Reports.reportStep(Reports.java:84)
	at com.volvo.mfg.commonutilis.CommonWrapperMethods.takeSnap(CommonWrapperMethods.java:918)
	at com.volvo.mfg.reports.Reports.reportStep(Reports.java:84)
	at com.volvo.mfg.commonutilis.CommonWrapperMethods.takeSnap(CommonWrapperMethods.java:918)
	at com.volvo.mfg.reports.Reports.reportStep(Reports.java:84)
	at com.volvo.mfg.commonutilis.CommonWrapperMethods.takeSnap(CommonWrapperMethods.java:918)
	at com.volvo.mfg.reports.Reports.reportStep(Reports.java:84)
	at com.volvo.mfg.commonutilis.CommonWrapperMethods.takeSnap(CommonWrapperMethods.java:918)
	at com.volvo.mfg.reports.Reports.reportStep(Reports.java:84)
	at com.volvo.mfg.commonutilis.CommonWrapperMethods.takeSnap(CommonWrapperMethods.java:918)
	at com.volvo.mfg.reports.Reports.reportStep(Reports.java:84)
	at com.volvo.mfg.commonutilis.CommonWrapperMethods.takeSnap(CommonWrapperMethods.java:918)
	at com.volvo.mfg.reports.Reports.reportStep(Reports.java:84)
	at com.volvo.mfg.commonutilis.CommonWrapperMethods.takeSnap(CommonWrapperMethods.java:918)
	at com.volvo.mfg.reports.Reports.reportStep(Reports.java:84)
	at com.volvo.mfg.commonutilis.CommonWrapperMethods.takeSnap(CommonWrapperMethods.java:918)
	at com.volvo.mfg.reports.Reports.reportStep(Reports.java:84)
	at com.volvo.mfg.commonutilis.CommonWrapperMethods.takeSnap(CommonWrapperMethods.java:918)
	at com.volvo.mfg.reports.Reports.reportStep(Reports.java:84)
	at com.volvo.mfg.commonutilis.CommonWrapperMethods.takeSnap(CommonWrapperMethods.java:918)
	at com.volvo.mfg.reports.Reports.reportStep(Reports.java:84)
	at com.volvo.mfg.commonutilis.CommonWrapperMethods.takeSnap(CommonWrapperMethods.java:918)
	at com.volvo.mfg.reports.Reports.reportStep(Reports.java:84)
	at com.volvo.mfg.commonutilis.CommonWrapperMethods.takeSnap(CommonWrapperMethods.java:918)
	at com.volvo.mfg.reports.Reports.reportStep(Reports.java:84)
	at com.volvo.mfg.commonutilis.CommonWrapperMethods.takeSnap(CommonWrapperMethods.java:918)
	at com.volvo.mfg.reports.Reports.reportStep(Reports.java:84)
	at com.volvo.mfg.commonutilis.CommonWrapperMethods.takeSnap(CommonWrapperMethods.java:918)
	at com.volvo.mfg.reports.Reports.reportStep(Reports.java:84)
	at com.volvo.mfg.commonutilis.CommonWrapperMethods.takeSnap(CommonWrapperMethods.java:918)
	at com.volvo.mfg.reports.Reports.reportStep(Reports.java:84)
	at com.volvo.mfg.commonutilis.CommonWrapperMethods.takeSnap(CommonWrapperMethods.java:918)
	at com.volvo.mfg.reports.Reports.reportStep(Reports.java:84)
	at com.volvo.mfg.commonutilis.CommonWrapperMethods.takeSnap(CommonWrapperMethods.java:918)
	at com.volvo.mfg.reports.Reports.reportStep(Reports.java:84)
	at com.volvo.mfg.commonutilis.CommonWrapperMethods.takeSnap(CommonWrapperMethods.java:918)
	at com.volvo.mfg.reports.Reports.reportStep(Reports.java:84)
	at com.volvo.mfg.commonutilis.CommonWrapperMethods.takeSnap(CommonWrapperMethods.java:918)
	at com.volvo.mfg.reports.Reports.reportStep(Reports.java:84)
	at com.volvo.mfg.commonutilis.CommonWrapperMethods.takeSnap(CommonWrapperMethods.java:918)
	at com.volvo.mfg.reports.Reports.reportStep(Reports.java:84)
	at com.volvo.mfg.commonutilis.CommonWrapperMethods.takeSnap(CommonWrapperMethods.java:918)
	at com.volvo.mfg.reports.Reports.reportStep(Reports.java:84)
	at com.volvo.mfg.commonutilis.CommonWrapperMethods.takeSnap(CommonWrapperMethods.java:918)
	at com.volvo.mfg.reports.Reports.reportStep(Reports.java:84)
	at com.volvo.mfg.commonutilis.CommonWrapperMethods.takeSnap(CommonWrapperMethods.java:918)
	at com.volvo.mfg.reports.Reports.reportStep(Reports.java:84)
	at com.volvo.mfg.commonutilis.CommonWrapperMethods.takeSnap(CommonWrapperMethods.java:918)
	at com.volvo.mfg.reports.Reports.reportStep(Reports.java:84)
	at com.volvo.mfg.commonutilis.CommonWrapperMethods.takeSnap(CommonWrapperMethods.java:918)
	at com.volvo.mfg.reports.Reports.reportStep(Reports.java:84)
	at com.volvo.mfg.commonutilis.CommonWrapperMethods.takeSnap(CommonWrapperMethods.java:918)
	at com.volvo.mfg.reports.Reports.reportStep(Reports.java:84)
	at com.volvo.mfg.commonutilis.CommonWrapperMethods.takeSnap(CommonWrapperMethods.java:918)
	at com.volvo.mfg.reports.Reports.reportStep(Reports.java:84)
	at com.volvo.mfg.commonutilis.CommonWrapperMethods.takeSnap(CommonWrapperMethods.java:918)
	at com.volvo.mfg.reports.Reports.reportStep(Reports.java:84)
	at com.volvo.mfg.commonutilis.CommonWrapperMethods.takeSnap(CommonWrapperMethods.java:918)
	at com.volvo.mfg.reports.Reports.reportStep(Reports.java:84)
	at com.volvo.mfg.commonutilis.CommonWrapperMethods.takeSnap(CommonWrapperMethods.java:918)
	at com.volvo.mfg.reports.Reports.reportStep(Reports.java:84)
	at com.volvo.mfg.commonutilis.CommonWrapperMethods.takeSnap(CommonWrapperMethods.java:918)
	at com.volvo.mfg.reports.Reports.reportStep(Reports.java:84)
	at com.volvo.mfg.commonutilis.CommonWrapperMethods.takeSnap(CommonWrapperMethods.java:918)
	at com.volvo.mfg.reports.Reports.reportStep(Reports.java:84)
	at com.volvo.mfg.commonutilis.CommonWrapperMethods.takeSnap(CommonWrapperMethods.java:918)
	at com.volvo.mfg.reports.Reports.reportStep(Reports.java:84)
	at com.volvo.mfg.commonutilis.CommonWrapperMethods.takeSnap(CommonWrapperMethods.java:918)
	at com.volvo.mfg.reports.Reports.reportStep(Reports.java:84)
	at com.volvo.mfg.commonutilis.CommonWrapperMethods.takeSnap(CommonWrapperMethods.java:918)
	at com.volvo.mfg.reports.Reports.reportStep(Reports.java:84)
	at com.volvo.mfg.commonutilis.CommonWrapperMethods.takeSnap(CommonWrapperMethods.java:918)
	at com.volvo.mfg.reports.Reports.reportStep(Reports.java:84)
	at com.volvo.mfg.commonutilis.CommonWrapperMethods.takeSnap(CommonWrapperMethods.java:918)
	at com.volvo.mfg.reports.Reports.reportStep(Reports.java:84)
	at com.volvo.mfg.commonutilis.CommonWrapperMethods.takeSnap(CommonWrapperMethods.java:918)
	at com.volvo.mfg.reports.Reports.reportStep(Reports.java:84)
	at com.volvo.mfg.commonutilis.CommonWrapperMethods.takeSnap(CommonWrapperMethods.java:918)
	at com.volvo.mfg.reports.Reports.reportStep(Reports.java:84)
	at com.volvo.mfg.commonutilis.CommonWrapperMethods.takeSnap(CommonWrapperMethods.java:918)
	at com.volvo.mfg.reports.Reports.reportStep(Reports.java:84)
	at com.volvo.mfg.commonutilis.CommonWrapperMethods.takeSnap(CommonWrapperMethods.java:918)
	at com.volvo.mfg.reports.Reports.reportStep(Reports.java:84)
	at com.volvo.mfg.commonutilis.CommonWrapperMethods.takeSnap(CommonWrapperMethods.java:918)
	at com.volvo.mfg.reports.Reports.reportStep(Reports.java:84)
	at com.volvo.mfg.commonutilis.CommonWrapperMethods.takeSnap(CommonWrapperMethods.java:918)
	at com.volvo.mfg.reports.Reports.reportStep(Reports.java:84)
	at com.volvo.mfg.commonutilis.CommonWrapperMethods.takeSnap(CommonWrapperMethods.java:918)
	at com.volvo.mfg.reports.Reports.reportStep(Reports.java:84)
	at com.volvo.mfg.commonutilis.CommonWrapperMethods.takeSnap(CommonWrapperMethods.java:918)
	at com.volvo.mfg.reports.Reports.reportStep(Reports.java:84)
	at com.volvo.mfg.commonutilis.CommonWrapperMethods.takeSnap(CommonWrapperMethods.java:918)
	at com.volvo.mfg.reports.Reports.reportStep(Reports.java:84)
	at com.volvo.mfg.commonutilis.CommonWrapperMethods.takeSnap(CommonWrapperMethods.java:918)
	at com.volvo.mfg.reports.Reports.reportStep(Reports.java:84)
	at com.volvo.mfg.commonutilis.CommonWrapperMethods.takeSnap(CommonWrapperMethods.java:918)
	at com.volvo.mfg.reports.Reports.reportStep(Reports.java:84)
	at com.volvo.mfg.commonutilis.CommonWrapperMethods.takeSnap(CommonWrapperMethods.java:918)
	at com.volvo.mfg.reports.Reports.reportStep(Reports.java:84)
	at com.volvo.mfg.commonutilis.CommonWrapperMethods.takeSnap(CommonWrapperMethods.java:918)
	at com.volvo.mfg.reports.Reports.reportStep(Reports.java:84)
	at com.volvo.mfg.commonutilis.CommonWrapperMethods.takeSnap(CommonWrapperMethods.java:918)
	at com.volvo.mfg.reports.Reports.reportStep(Reports.java:84)
	at com.volvo.mfg.commonutilis.CommonWrapperMethods.takeSnap(CommonWrapperMethods.java:918)
	at com.volvo.mfg.reports.Reports.reportStep(Reports.java:84)
	at com.volvo.mfg.commonutilis.CommonWrapperMethods.takeSnap(CommonWrapperMethods.java:918)
	at com.volvo.mfg.reports.Reports.reportStep(Reports.java:84)
	at com.volvo.mfg.commonutilis.CommonWrapperMethods.takeSnap(CommonWrapperMethods.java:918)
	at com.volvo.mfg.reports.Reports.reportStep(Reports.java:84)
	at com.volvo.mfg.commonutilis.CommonWrapperMethods.takeSnap(CommonWrapperMethods.java:918)
	at com.volvo.mfg.reports.Reports.reportStep(Reports.java:84)
	at com.volvo.mfg.commonutilis.CommonWrapperMethods.takeSnap(CommonWrapperMethods.java:918)
	at com.volvo.mfg.reports.Reports.reportStep(Reports.java:84)
	at com.volvo.mfg.commonutilis.CommonWrapperMethods.takeSnap(CommonWrapperMethods.java:918)
	at com.volvo.mfg.reports.Reports.reportStep(Reports.java:84)
	at com.volvo.mfg.commonutilis.CommonWrapperMethods.takeSnap(CommonWrapperMethods.java:918)
	at com.volvo.mfg.reports.Reports.reportStep(Reports.java:84)
	at com.volvo.mfg.commonutilis.CommonWrapperMethods.takeSnap(CommonWrapperMethods.java:918)
	at com.volvo.mfg.reports.Reports.reportStep(Reports.java:84)
	at com.volvo.mfg.commonutilis.CommonWrapperMethods.takeSnap(CommonWrapperMethods.java:918)
	at com.volvo.mfg.reports.Reports.reportStep(Reports.java:84)
	at com.volvo.mfg.commonutilis.CommonWrapperMethods.takeSnap(CommonWrapperMethods.java:918)
	at com.volvo.mfg.reports.Reports.reportStep(Reports.java:84)
	at com.volvo.mfg.commonutilis.CommonWrapperMethods.takeSnap(CommonWrapperMethods.java:918)
	at com.volvo.mfg.reports.Reports.reportStep(Reports.java:84)
	at com.volvo.mfg.commonutilis.CommonWrapperMethods.takeSnap(CommonWrapperMethods.java:918)
	at com.volvo.mfg.reports.Reports.reportStep(Reports.java:84)
	at com.volvo.mfg.commonutilis.CommonWrapperMethods.takeSnap(CommonWrapperMethods.java:918)
	at com.volvo.mfg.reports.Reports.reportStep(Reports.java:84)
	at com.volvo.mfg.commonutilis.CommonWrapperMethods.takeSnap(CommonWrapperMethods.java:918)
	at com.volvo.mfg.reports.Reports.reportStep(Reports.java:84)
	at com.volvo.mfg.commonutilis.CommonWrapperMethods.takeSnap(CommonWrapperMethods.java:918)
	at com.volvo.mfg.reports.Reports.reportStep(Reports.java:84)
	at com.volvo.mfg.commonutilis.CommonWrapperMethods.takeSnap(CommonWrapperMethods.java:918)
]]>
    </failure>
  </testcase> <!-- AssignmentFlows -->
</testsuite> <!-- com.volvo.mfg.test.TestAssignmentDelivery -->
